[2024-07-11 00:43:37] local.ERROR: SQLSTATE[HY000] [2002] No connection could be made because the target machine actively refused it (Connection: mysql, SQL: select * from `users` where `email` = admin@gmail.com limit 1) {"exception":"[object] (Illuminate\\Database\\QueryException(code: 2002): SQLSTATE[HY000] [2002] No connection could be made because the target machine actively refused it (Connection: mysql, SQL: select * from `users` where `email` = admin@gmail.com limit 1) at D:\\Work\\Contact\\Laravel\\7.9\\eMart_V5.2_Source_Code\\Landing Page - Admin Panel - Store Panel - Website Panel\\Admin Panel\\vendor\\laravel\\framework\\src\\Illuminate\\Database\\Connection.php:822)
[stacktrace]
#0 D:\\Work\\Contact\\Laravel\\7.9\\eMart_V5.2_Source_Code\\Landing Page - Admin Panel - Store Panel - Website Panel\\Admin Panel\\vendor\\laravel\\framework\\src\\Illuminate\\Database\\Connection.php(976): Illuminate\\Database\\Connection->runQueryCallback('select * from `...', Array, Object(Closure))
#1 D:\\Work\\Contact\\Laravel\\7.9\\eMart_V5.2_Source_Code\\Landing Page - Admin Panel - Store Panel - Website Panel\\Admin Panel\\vendor\\laravel\\framework\\src\\Illuminate\\Database\\Connection.php(955): Illuminate\\Database\\Connection->tryAgainIfCausedByLostConnection(Object(Illuminate\\Database\\QueryException), 'select * from `...', Array, Object(Closure))
#2 D:\\Work\\Contact\\Laravel\\7.9\\eMart_V5.2_Source_Code\\Landing Page - Admin Panel - Store Panel - Website Panel\\Admin Panel\\vendor\\laravel\\framework\\src\\Illuminate\\Database\\Connection.php(778): Illuminate\\Database\\Connection->handleQueryException(Object(Illuminate\\Database\\QueryException), 'select * from `...', Array, Object(Closure))
#3 D:\\Work\\Contact\\Laravel\\7.9\\eMart_V5.2_Source_Code\\Landing Page - Admin Panel - Store Panel - Website Panel\\Admin Panel\\vendor\\laravel\\framework\\src\\Illuminate\\Database\\Connection.php(407): Illuminate\\Database\\Connection->run('select * from `...', Array, Object(Closure))
#4 D:\\Work\\Contact\\Laravel\\7.9\\eMart_V5.2_Source_Code\\Landing Page - Admin Panel - Store Panel - Website Panel\\Admin Panel\\vendor\\laravel\\framework\\src\\Illuminate\\Database\\Query\\Builder.php(2751): Illuminate\\Database\\Connection->select('select * from `...', Array, true)
#5 D:\\Work\\Contact\\Laravel\\7.9\\eMart_V5.2_Source_Code\\Landing Page - Admin Panel - Store Panel - Website Panel\\Admin Panel\\vendor\\laravel\\framework\\src\\Illuminate\\Database\\Query\\Builder.php(2740): Illuminate\\Database\\Query\\Builder->runSelect()
#6 D:\\Work\\Contact\\Laravel\\7.9\\eMart_V5.2_Source_Code\\Landing Page - Admin Panel - Store Panel - Website Panel\\Admin Panel\\vendor\\laravel\\framework\\src\\Illuminate\\Database\\Query\\Builder.php(3294): Illuminate\\Database\\Query\\Builder->Illuminate\\Database\\Query\\{closure}()
#7 D:\\Work\\Contact\\Laravel\\7.9\\eMart_V5.2_Source_Code\\Landing Page - Admin Panel - Store Panel - Website Panel\\Admin Panel\\vendor\\laravel\\framework\\src\\Illuminate\\Database\\Query\\Builder.php(2739): Illuminate\\Database\\Query\\Builder->onceWithColumns(Array, Object(Closure))
#8 D:\\Work\\Contact\\Laravel\\7.9\\eMart_V5.2_Source_Code\\Landing Page - Admin Panel - Store Panel - Website Panel\\Admin Panel\\vendor\\laravel\\framework\\src\\Illuminate\\Database\\Eloquent\\Builder.php(737): Illuminate\\Database\\Query\\Builder->get(Array)
#9 D:\\Work\\Contact\\Laravel\\7.9\\eMart_V5.2_Source_Code\\Landing Page - Admin Panel - Store Panel - Website Panel\\Admin Panel\\vendor\\laravel\\framework\\src\\Illuminate\\Database\\Eloquent\\Builder.php(721): Illuminate\\Database\\Eloquent\\Builder->getModels(Array)
#10 D:\\Work\\Contact\\Laravel\\7.9\\eMart_V5.2_Source_Code\\Landing Page - Admin Panel - Store Panel - Website Panel\\Admin Panel\\vendor\\laravel\\framework\\src\\Illuminate\\Database\\Concerns\\BuildsQueries.php(333): Illuminate\\Database\\Eloquent\\Builder->get(Array)
#11 D:\\Work\\Contact\\Laravel\\7.9\\eMart_V5.2_Source_Code\\Landing Page - Admin Panel - Store Panel - Website Panel\\Admin Panel\\vendor\\laravel\\framework\\src\\Illuminate\\Auth\\EloquentUserProvider.php(139): Illuminate\\Database\\Eloquent\\Builder->first()
#12 D:\\Work\\Contact\\Laravel\\7.9\\eMart_V5.2_Source_Code\\Landing Page - Admin Panel - Store Panel - Website Panel\\Admin Panel\\vendor\\laravel\\framework\\src\\Illuminate\\Auth\\SessionGuard.php(381): Illuminate\\Auth\\EloquentUserProvider->retrieveByCredentials(Array)
#13 D:\\Work\\Contact\\Laravel\\7.9\\eMart_V5.2_Source_Code\\Landing Page - Admin Panel - Store Panel - Website Panel\\Admin Panel\\vendor\\laravel\\ui\\auth-backend\\AuthenticatesUsers.php(86): Illuminate\\Auth\\SessionGuard->attempt(Array, false)
#14 D:\\Work\\Contact\\Laravel\\7.9\\eMart_V5.2_Source_Code\\Landing Page - Admin Panel - Store Panel - Website Panel\\Admin Panel\\vendor\\laravel\\ui\\auth-backend\\AuthenticatesUsers.php(46): App\\Http\\Controllers\\Auth\\LoginController->attemptLogin(Object(Illuminate\\Http\\Request))
#15 D:\\Work\\Contact\\Laravel\\7.9\\eMart_V5.2_Source_Code\\Landing Page - Admin Panel - Store Panel - Website Panel\\Admin Panel\\vendor\\laravel\\framework\\src\\Illuminate\\Routing\\Controller.php(54): App\\Http\\Controllers\\Auth\\LoginController->login(Object(Illuminate\\Http\\Request))
#16 D:\\Work\\Contact\\Laravel\\7.9\\eMart_V5.2_Source_Code\\Landing Page - Admin Panel - Store Panel - Website Panel\\Admin Panel\\vendor\\laravel\\framework\\src\\Illuminate\\Routing\\ControllerDispatcher.php(43): Illuminate\\Routing\\Controller->callAction('login', Array)
#17 D:\\Work\\Contact\\Laravel\\7.9\\eMart_V5.2_Source_Code\\Landing Page - Admin Panel - Store Panel - Website Panel\\Admin Panel\\vendor\\laravel\\framework\\src\\Illuminate\\Routing\\Route.php(259): Illuminate\\Routing\\ControllerDispatcher->dispatch(Object(Illuminate\\Routing\\Route), Object(App\\Http\\Controllers\\Auth\\LoginController), 'login')
#18 D:\\Work\\Contact\\Laravel\\7.9\\eMart_V5.2_Source_Code\\Landing Page - Admin Panel - Store Panel - Website Panel\\Admin Panel\\vendor\\laravel\\framework\\src\\Illuminate\\Routing\\Route.php(205): Illuminate\\Routing\\Route->runController()
#19 D:\\Work\\Contact\\Laravel\\7.9\\eMart_V5.2_Source_Code\\Landing Page - Admin Panel - Store Panel - Website Panel\\Admin Panel\\vendor\\laravel\\framework\\src\\Illuminate\\Routing\\Router.php(806): Illuminate\\Routing\\Route->run()
#20 D:\\Work\\Contact\\Laravel\\7.9\\eMart_V5.2_Source_Code\\Landing Page - Admin Panel - Store Panel - Website Panel\\Admin Panel\\vendor\\laravel\\framework\\src\\Illuminate\\Pipeline\\Pipeline.php(141): Illuminate\\Routing\\Router->Illuminate\\Routing\\{closure}(Object(Illuminate\\Http\\Request))
#21 D:\\Work\\Contact\\Laravel\\7.9\\eMart_V5.2_Source_Code\\Landing Page - Admin Panel - Store Panel - Website Panel\\Admin Panel\\app\\Http\\Middleware\\RedirectIfAuthenticated.php(30): Illuminate\\Pipeline\\Pipeline->Illuminate\\Pipeline\\{closure}(Object(Illuminate\\Http\\Request))
#22 D:\\Work\\Contact\\Laravel\\7.9\\eMart_V5.2_Source_Code\\Landing Page - Admin Panel - Store Panel - Website Panel\\Admin Panel\\vendor\\laravel\\framework\\src\\Illuminate\\Pipeline\\Pipeline.php(180): App\\Http\\Middleware\\RedirectIfAuthenticated->handle(Object(Illuminate\\Http\\Request), Object(Closure))
#23 D:\\Work\\Contact\\Laravel\\7.9\\eMart_V5.2_Source_Code\\Landing Page - Admin Panel - Store Panel - Website Panel\\Admin Panel\\app\\Http\\Middleware\\CheckUserRoleMiddleware.php(34): Illuminate\\Pipeline\\Pipeline->Illuminate\\Pipeline\\{closure}(Object(Illuminate\\Http\\Request))
#24 D:\\Work\\Contact\\Laravel\\7.9\\eMart_V5.2_Source_Code\\Landing Page - Admin Panel - Store Panel - Website Panel\\Admin Panel\\vendor\\laravel\\framework\\src\\Illuminate\\Pipeline\\Pipeline.php(180): App\\Http\\Middleware\\CheckUserRoleMiddleware->handle(Object(Illuminate\\Http\\Request), Object(Closure))
#25 D:\\Work\\Contact\\Laravel\\7.9\\eMart_V5.2_Source_Code\\Landing Page - Admin Panel - Store Panel - Website Panel\\Admin Panel\\app\\Http\\Middleware\\LanguageManager.php(23): Illuminate\\Pipeline\\Pipeline->Illuminate\\Pipeline\\{closure}(Object(Illuminate\\Http\\Request))
#26 D:\\Work\\Contact\\Laravel\\7.9\\eMart_V5.2_Source_Code\\Landing Page - Admin Panel - Store Panel - Website Panel\\Admin Panel\\vendor\\laravel\\framework\\src\\Illuminate\\Pipeline\\Pipeline.php(180): App\\Http\\Middleware\\LanguageManager->handle(Object(Illuminate\\Http\\Request), Object(Closure))
#27 D:\\Work\\Contact\\Laravel\\7.9\\eMart_V5.2_Source_Code\\Landing Page - Admin Panel - Store Panel - Website Panel\\Admin Panel\\vendor\\laravel\\framework\\src\\Illuminate\\Routing\\Middleware\\SubstituteBindings.php(50): Illuminate\\Pipeline\\Pipeline->Illuminate\\Pipeline\\{closure}(Object(Illuminate\\Http\\Request))
#28 D:\\Work\\Contact\\Laravel\\7.9\\eMart_V5.2_Source_Code\\Landing Page - Admin Panel - Store Panel - Website Panel\\Admin Panel\\vendor\\laravel\\framework\\src\\Illuminate\\Pipeline\\Pipeline.php(180): Illuminate\\Routing\\Middleware\\SubstituteBindings->handle(Object(Illuminate\\Http\\Request), Object(Closure))
#29 D:\\Work\\Contact\\Laravel\\7.9\\eMart_V5.2_Source_Code\\Landing Page - Admin Panel - Store Panel - Website Panel\\Admin Panel\\vendor\\laravel\\framework\\src\\Illuminate\\Foundation\\Http\\Middleware\\VerifyCsrfToken.php(78): Illuminate\\Pipeline\\Pipeline->Illuminate\\Pipeline\\{closure}(Object(Illuminate\\Http\\Request))
#30 D:\\Work\\Contact\\Laravel\\7.9\\eMart_V5.2_Source_Code\\Landing Page - Admin Panel - Store Panel - Website Panel\\Admin Panel\\vendor\\laravel\\framework\\src\\Illuminate\\Pipeline\\Pipeline.php(180): Illuminate\\Foundation\\Http\\Middleware\\VerifyCsrfToken->handle(Object(Illuminate\\Http\\Request), Object(Closure))
#31 D:\\Work\\Contact\\Laravel\\7.9\\eMart_V5.2_Source_Code\\Landing Page - Admin Panel - Store Panel - Website Panel\\Admin Panel\\vendor\\laravel\\framework\\src\\Illuminate\\View\\Middleware\\ShareErrorsFromSession.php(49): Illuminate\\Pipeline\\Pipeline->Illuminate\\Pipeline\\{closure}(Object(Illuminate\\Http\\Request))
#32 D:\\Work\\Contact\\Laravel\\7.9\\eMart_V5.2_Source_Code\\Landing Page - Admin Panel - Store Panel - Website Panel\\Admin Panel\\vendor\\laravel\\framework\\src\\Illuminate\\Pipeline\\Pipeline.php(180): Illuminate\\View\\Middleware\\ShareErrorsFromSession->handle(Object(Illuminate\\Http\\Request), Object(Closure))
#33 D:\\Work\\Contact\\Laravel\\7.9\\eMart_V5.2_Source_Code\\Landing Page - Admin Panel - Store Panel - Website Panel\\Admin Panel\\vendor\\laravel\\framework\\src\\Illuminate\\Session\\Middleware\\StartSession.php(121): Illuminate\\Pipeline\\Pipeline->Illuminate\\Pipeline\\{closure}(Object(Illuminate\\Http\\Request))
#34 D:\\Work\\Contact\\Laravel\\7.9\\eMart_V5.2_Source_Code\\Landing Page - Admin Panel - Store Panel - Website Panel\\Admin Panel\\vendor\\laravel\\framework\\src\\Illuminate\\Session\\Middleware\\StartSession.php(64): Illuminate\\Session\\Middleware\\StartSession->handleStatefulRequest(Object(Illuminate\\Http\\Request), Object(Illuminate\\Session\\Store), Object(Closure))
#35 D:\\Work\\Contact\\Laravel\\7.9\\eMart_V5.2_Source_Code\\Landing Page - Admin Panel - Store Panel - Website Panel\\Admin Panel\\vendor\\laravel\\framework\\src\\Illuminate\\Pipeline\\Pipeline.php(180): Illuminate\\Session\\Middleware\\StartSession->handle(Object(Illuminate\\Http\\Request), Object(Closure))
#36 D:\\Work\\Contact\\Laravel\\7.9\\eMart_V5.2_Source_Code\\Landing Page - Admin Panel - Store Panel - Website Panel\\Admin Panel\\vendor\\laravel\\framework\\src\\Illuminate\\Cookie\\Middleware\\AddQueuedCookiesToResponse.php(37): Illuminate\\Pipeline\\Pipeline->Illuminate\\Pipeline\\{closure}(Object(Illuminate\\Http\\Request))
#37 D:\\Work\\Contact\\Laravel\\7.9\\eMart_V5.2_Source_Code\\Landing Page - Admin Panel - Store Panel - Website Panel\\Admin Panel\\vendor\\laravel\\framework\\src\\Illuminate\\Pipeline\\Pipeline.php(180): Illuminate\\Cookie\\Middleware\\AddQueuedCookiesToResponse->handle(Object(Illuminate\\Http\\Request), Object(Closure))
#38 D:\\Work\\Contact\\Laravel\\7.9\\eMart_V5.2_Source_Code\\Landing Page - Admin Panel - Store Panel - Website Panel\\Admin Panel\\vendor\\laravel\\framework\\src\\Illuminate\\Cookie\\Middleware\\EncryptCookies.php(67): Illuminate\\Pipeline\\Pipeline->Illuminate\\Pipeline\\{closure}(Object(Illuminate\\Http\\Request))
#39 D:\\Work\\Contact\\Laravel\\7.9\\eMart_V5.2_Source_Code\\Landing Page - Admin Panel - Store Panel - Website Panel\\Admin Panel\\vendor\\laravel\\framework\\src\\Illuminate\\Pipeline\\Pipeline.php(180): Illuminate\\Cookie\\Middleware\\EncryptCookies->handle(Object(Illuminate\\Http\\Request), Object(Closure))
#40 D:\\Work\\Contact\\Laravel\\7.9\\eMart_V5.2_Source_Code\\Landing Page - Admin Panel - Store Panel - Website Panel\\Admin Panel\\vendor\\laravel\\framework\\src\\Illuminate\\Pipeline\\Pipeline.php(116): Illuminate\\Pipeline\\Pipeline->Illuminate\\Pipeline\\{closure}(Object(Illuminate\\Http\\Request))
#41 D:\\Work\\Contact\\Laravel\\7.9\\eMart_V5.2_Source_Code\\Landing Page - Admin Panel - Store Panel - Website Panel\\Admin Panel\\vendor\\laravel\\framework\\src\\Illuminate\\Routing\\Router.php(805): Illuminate\\Pipeline\\Pipeline->then(Object(Closure))
#42 D:\\Work\\Contact\\Laravel\\7.9\\eMart_V5.2_Source_Code\\Landing Page - Admin Panel - Store Panel - Website Panel\\Admin Panel\\vendor\\laravel\\framework\\src\\Illuminate\\Routing\\Router.php(784): Illuminate\\Routing\\Router->runRouteWithinStack(Object(Illuminate\\Routing\\Route), Object(Illuminate\\Http\\Request))
#43 D:\\Work\\Contact\\Laravel\\7.9\\eMart_V5.2_Source_Code\\Landing Page - Admin Panel - Store Panel - Website Panel\\Admin Panel\\vendor\\laravel\\framework\\src\\Illuminate\\Routing\\Router.php(748): Illuminate\\Routing\\Router->runRoute(Object(Illuminate\\Http\\Request), Object(Illuminate\\Routing\\Route))
#44 D:\\Work\\Contact\\Laravel\\7.9\\eMart_V5.2_Source_Code\\Landing Page - Admin Panel - Store Panel - Website Panel\\Admin Panel\\vendor\\laravel\\framework\\src\\Illuminate\\Routing\\Router.php(737): Illuminate\\Routing\\Router->dispatchToRoute(Object(Illuminate\\Http\\Request))
#45 D:\\Work\\Contact\\Laravel\\7.9\\eMart_V5.2_Source_Code\\Landing Page - Admin Panel - Store Panel - Website Panel\\Admin Panel\\vendor\\laravel\\framework\\src\\Illuminate\\Foundation\\Http\\Kernel.php(200): Illuminate\\Routing\\Router->dispatch(Object(Illuminate\\Http\\Request))
#46 D:\\Work\\Contact\\Laravel\\7.9\\eMart_V5.2_Source_Code\\Landing Page - Admin Panel - Store Panel - Website Panel\\Admin Panel\\vendor\\laravel\\framework\\src\\Illuminate\\Pipeline\\Pipeline.php(141): Illuminate\\Foundation\\Http\\Kernel->Illuminate\\Foundation\\Http\\{closure}(Object(Illuminate\\Http\\Request))
#47 D:\\Work\\Contact\\Laravel\\7.9\\eMart_V5.2_Source_Code\\Landing Page - Admin Panel - Store Panel - Website Panel\\Admin Panel\\vendor\\laravel\\framework\\src\\Illuminate\\Foundation\\Http\\Middleware\\TransformsRequest.php(21): Illuminate\\Pipeline\\Pipeline->Illuminate\\Pipeline\\{closure}(Object(Illuminate\\Http\\Request))
#48 D:\\Work\\Contact\\Laravel\\7.9\\eMart_V5.2_Source_Code\\Landing Page - Admin Panel - Store Panel - Website Panel\\Admin Panel\\vendor\\laravel\\framework\\src\\Illuminate\\Foundation\\Http\\Middleware\\ConvertEmptyStringsToNull.php(31): Illuminate\\Foundation\\Http\\Middleware\\TransformsRequest->handle(Object(Illuminate\\Http\\Request), Object(Closure))
#49 D:\\Work\\Contact\\Laravel\\7.9\\eMart_V5.2_Source_Code\\Landing Page - Admin Panel - Store Panel - Website Panel\\Admin Panel\\vendor\\laravel\\framework\\src\\Illuminate\\Pipeline\\Pipeline.php(180): Illuminate\\Foundation\\Http\\Middleware\\ConvertEmptyStringsToNull->handle(Object(Illuminate\\Http\\Request), Object(Closure))
#50 D:\\Work\\Contact\\Laravel\\7.9\\eMart_V5.2_Source_Code\\Landing Page - Admin Panel - Store Panel - Website Panel\\Admin Panel\\vendor\\laravel\\framework\\src\\Illuminate\\Foundation\\Http\\Middleware\\TransformsRequest.php(21): Illuminate\\Pipeline\\Pipeline->Illuminate\\Pipeline\\{closure}(Object(Illuminate\\Http\\Request))
#51 D:\\Work\\Contact\\Laravel\\7.9\\eMart_V5.2_Source_Code\\Landing Page - Admin Panel - Store Panel - Website Panel\\Admin Panel\\vendor\\laravel\\framework\\src\\Illuminate\\Foundation\\Http\\Middleware\\TrimStrings.php(40): Illuminate\\Foundation\\Http\\Middleware\\TransformsRequest->handle(Object(Illuminate\\Http\\Request), Object(Closure))
#52 D:\\Work\\Contact\\Laravel\\7.9\\eMart_V5.2_Source_Code\\Landing Page - Admin Panel - Store Panel - Website Panel\\Admin Panel\\vendor\\laravel\\framework\\src\\Illuminate\\Pipeline\\Pipeline.php(180): Illuminate\\Foundation\\Http\\Middleware\\TrimStrings->handle(Object(Illuminate\\Http\\Request), Object(Closure))
#53 D:\\Work\\Contact\\Laravel\\7.9\\eMart_V5.2_Source_Code\\Landing Page - Admin Panel - Store Panel - Website Panel\\Admin Panel\\vendor\\laravel\\framework\\src\\Illuminate\\Foundation\\Http\\Middleware\\ValidatePostSize.php(27): Illuminate\\Pipeline\\Pipeline->Illuminate\\Pipeline\\{closure}(Object(Illuminate\\Http\\Request))
#54 D:\\Work\\Contact\\Laravel\\7.9\\eMart_V5.2_Source_Code\\Landing Page - Admin Panel - Store Panel - Website Panel\\Admin Panel\\vendor\\laravel\\framework\\src\\Illuminate\\Pipeline\\Pipeline.php(180): Illuminate\\Foundation\\Http\\Middleware\\ValidatePostSize->handle(Object(Illuminate\\Http\\Request), Object(Closure))
#55 D:\\Work\\Contact\\Laravel\\7.9\\eMart_V5.2_Source_Code\\Landing Page - Admin Panel - Store Panel - Website Panel\\Admin Panel\\vendor\\laravel\\framework\\src\\Illuminate\\Foundation\\Http\\Middleware\\PreventRequestsDuringMaintenance.php(99): Illuminate\\Pipeline\\Pipeline->Illuminate\\Pipeline\\{closure}(Object(Illuminate\\Http\\Request))
#56 D:\\Work\\Contact\\Laravel\\7.9\\eMart_V5.2_Source_Code\\Landing Page - Admin Panel - Store Panel - Website Panel\\Admin Panel\\vendor\\laravel\\framework\\src\\Illuminate\\Pipeline\\Pipeline.php(180): Illuminate\\Foundation\\Http\\Middleware\\PreventRequestsDuringMaintenance->handle(Object(Illuminate\\Http\\Request), Object(Closure))
#57 D:\\Work\\Contact\\Laravel\\7.9\\eMart_V5.2_Source_Code\\Landing Page - Admin Panel - Store Panel - Website Panel\\Admin Panel\\vendor\\laravel\\framework\\src\\Illuminate\\Http\\Middleware\\HandleCors.php(49): Illuminate\\Pipeline\\Pipeline->Illuminate\\Pipeline\\{closure}(Object(Illuminate\\Http\\Request))
#58 D:\\Work\\Contact\\Laravel\\7.9\\eMart_V5.2_Source_Code\\Landing Page - Admin Panel - Store Panel - Website Panel\\Admin Panel\\vendor\\laravel\\framework\\src\\Illuminate\\Pipeline\\Pipeline.php(180): Illuminate\\Http\\Middleware\\HandleCors->handle(Object(Illuminate\\Http\\Request), Object(Closure))
#59 D:\\Work\\Contact\\Laravel\\7.9\\eMart_V5.2_Source_Code\\Landing Page - Admin Panel - Store Panel - Website Panel\\Admin Panel\\vendor\\laravel\\framework\\src\\Illuminate\\Http\\Middleware\\TrustProxies.php(39): Illuminate\\Pipeline\\Pipeline->Illuminate\\Pipeline\\{closure}(Object(Illuminate\\Http\\Request))
#60 D:\\Work\\Contact\\Laravel\\7.9\\eMart_V5.2_Source_Code\\Landing Page - Admin Panel - Store Panel - Website Panel\\Admin Panel\\vendor\\laravel\\framework\\src\\Illuminate\\Pipeline\\Pipeline.php(180): Illuminate\\Http\\Middleware\\TrustProxies->handle(Object(Illuminate\\Http\\Request), Object(Closure))
#61 D:\\Work\\Contact\\Laravel\\7.9\\eMart_V5.2_Source_Code\\Landing Page - Admin Panel - Store Panel - Website Panel\\Admin Panel\\vendor\\laravel\\framework\\src\\Illuminate\\Pipeline\\Pipeline.php(116): Illuminate\\Pipeline\\Pipeline->Illuminate\\Pipeline\\{closure}(Object(Illuminate\\Http\\Request))
#62 D:\\Work\\Contact\\Laravel\\7.9\\eMart_V5.2_Source_Code\\Landing Page - Admin Panel - Store Panel - Website Panel\\Admin Panel\\vendor\\laravel\\framework\\src\\Illuminate\\Foundation\\Http\\Kernel.php(175): Illuminate\\Pipeline\\Pipeline->then(Object(Closure))
#63 D:\\Work\\Contact\\Laravel\\7.9\\eMart_V5.2_Source_Code\\Landing Page - Admin Panel - Store Panel - Website Panel\\Admin Panel\\vendor\\laravel\\framework\\src\\Illuminate\\Foundation\\Http\\Kernel.php(144): Illuminate\\Foundation\\Http\\Kernel->sendRequestThroughRouter(Object(Illuminate\\Http\\Request))
#64 D:\\Work\\Contact\\Laravel\\7.9\\eMart_V5.2_Source_Code\\Landing Page - Admin Panel - Store Panel - Website Panel\\Admin Panel\\public\\index.php(51): Illuminate\\Foundation\\Http\\Kernel->handle(Object(Illuminate\\Http\\Request))
#65 D:\\Work\\Contact\\Laravel\\7.9\\eMart_V5.2_Source_Code\\Landing Page - Admin Panel - Store Panel - Website Panel\\Admin Panel\\server.php(21): require_once('D:\\\\Work\\\\Contact...')
#66 {main}

[previous exception] [object] (PDOException(code: 2002): SQLSTATE[HY000] [2002] No connection could be made because the target machine actively refused it at D:\\Work\\Contact\\Laravel\\7.9\\eMart_V5.2_Source_Code\\Landing Page - Admin Panel - Store Panel - Website Panel\\Admin Panel\\vendor\\laravel\\framework\\src\\Illuminate\\Database\\Connectors\\Connector.php:65)
[stacktrace]
#0 D:\\Work\\Contact\\Laravel\\7.9\\eMart_V5.2_Source_Code\\Landing Page - Admin Panel - Store Panel - Website Panel\\Admin Panel\\vendor\\laravel\\framework\\src\\Illuminate\\Database\\Connectors\\Connector.php(65): PDO->__construct('mysql:host=127....', 'root', Object(SensitiveParameterValue), Array)
#1 D:\\Work\\Contact\\Laravel\\7.9\\eMart_V5.2_Source_Code\\Landing Page - Admin Panel - Store Panel - Website Panel\\Admin Panel\\vendor\\laravel\\framework\\src\\Illuminate\\Database\\Connectors\\Connector.php(83): Illuminate\\Database\\Connectors\\Connector->createPdoConnection('mysql:host=127....', 'root', '', Array)
#2 D:\\Work\\Contact\\Laravel\\7.9\\eMart_V5.2_Source_Code\\Landing Page - Admin Panel - Store Panel - Website Panel\\Admin Panel\\vendor\\laravel\\framework\\src\\Illuminate\\Database\\Connectors\\Connector.php(48): Illuminate\\Database\\Connectors\\Connector->tryAgainIfCausedByLostConnection(Object(PDOException), 'mysql:host=127....', 'root', '', Array)
#3 D:\\Work\\Contact\\Laravel\\7.9\\eMart_V5.2_Source_Code\\Landing Page - Admin Panel - Store Panel - Website Panel\\Admin Panel\\vendor\\laravel\\framework\\src\\Illuminate\\Database\\Connectors\\MySqlConnector.php(24): Illuminate\\Database\\Connectors\\Connector->createConnection('mysql:host=127....', Array, Array)
#4 D:\\Work\\Contact\\Laravel\\7.9\\eMart_V5.2_Source_Code\\Landing Page - Admin Panel - Store Panel - Website Panel\\Admin Panel\\vendor\\laravel\\framework\\src\\Illuminate\\Database\\Connectors\\ConnectionFactory.php(184): Illuminate\\Database\\Connectors\\MySqlConnector->connect(Array)
#5 [internal function]: Illuminate\\Database\\Connectors\\ConnectionFactory->Illuminate\\Database\\Connectors\\{closure}()
#6 D:\\Work\\Contact\\Laravel\\7.9\\eMart_V5.2_Source_Code\\Landing Page - Admin Panel - Store Panel - Website Panel\\Admin Panel\\vendor\\laravel\\framework\\src\\Illuminate\\Database\\Connection.php(1319): call_user_func(Object(Closure))
#7 D:\\Work\\Contact\\Laravel\\7.9\\eMart_V5.2_Source_Code\\Landing Page - Admin Panel - Store Panel - Website Panel\\Admin Panel\\vendor\\laravel\\framework\\src\\Illuminate\\Database\\Connection.php(1355): Illuminate\\Database\\Connection->getPdo()
#8 D:\\Work\\Contact\\Laravel\\7.9\\eMart_V5.2_Source_Code\\Landing Page - Admin Panel - Store Panel - Website Panel\\Admin Panel\\vendor\\laravel\\framework\\src\\Illuminate\\Database\\Connection.php(521): Illuminate\\Database\\Connection->getReadPdo()
#9 D:\\Work\\Contact\\Laravel\\7.9\\eMart_V5.2_Source_Code\\Landing Page - Admin Panel - Store Panel - Website Panel\\Admin Panel\\vendor\\laravel\\framework\\src\\Illuminate\\Database\\Connection.php(416): Illuminate\\Database\\Connection->getPdoForSelect(true)
#10 D:\\Work\\Contact\\Laravel\\7.9\\eMart_V5.2_Source_Code\\Landing Page - Admin Panel - Store Panel - Website Panel\\Admin Panel\\vendor\\laravel\\framework\\src\\Illuminate\\Database\\Connection.php(809): Illuminate\\Database\\Connection->Illuminate\\Database\\{closure}('select * from `...', Array)
#11 D:\\Work\\Contact\\Laravel\\7.9\\eMart_V5.2_Source_Code\\Landing Page - Admin Panel - Store Panel - Website Panel\\Admin Panel\\vendor\\laravel\\framework\\src\\Illuminate\\Database\\Connection.php(976): Illuminate\\Database\\Connection->runQueryCallback('select * from `...', Array, Object(Closure))
#12 D:\\Work\\Contact\\Laravel\\7.9\\eMart_V5.2_Source_Code\\Landing Page - Admin Panel - Store Panel - Website Panel\\Admin Panel\\vendor\\laravel\\framework\\src\\Illuminate\\Database\\Connection.php(955): Illuminate\\Database\\Connection->tryAgainIfCausedByLostConnection(Object(Illuminate\\Database\\QueryException), 'select * from `...', Array, Object(Closure))
#13 D:\\Work\\Contact\\Laravel\\7.9\\eMart_V5.2_Source_Code\\Landing Page - Admin Panel - Store Panel - Website Panel\\Admin Panel\\vendor\\laravel\\framework\\src\\Illuminate\\Database\\Connection.php(778): Illuminate\\Database\\Connection->handleQueryException(Object(Illuminate\\Database\\QueryException), 'select * from `...', Array, Object(Closure))
#14 D:\\Work\\Contact\\Laravel\\7.9\\eMart_V5.2_Source_Code\\Landing Page - Admin Panel - Store Panel - Website Panel\\Admin Panel\\vendor\\laravel\\framework\\src\\Illuminate\\Database\\Connection.php(407): Illuminate\\Database\\Connection->run('select * from `...', Array, Object(Closure))
#15 D:\\Work\\Contact\\Laravel\\7.9\\eMart_V5.2_Source_Code\\Landing Page - Admin Panel - Store Panel - Website Panel\\Admin Panel\\vendor\\laravel\\framework\\src\\Illuminate\\Database\\Query\\Builder.php(2751): Illuminate\\Database\\Connection->select('select * from `...', Array, true)
#16 D:\\Work\\Contact\\Laravel\\7.9\\eMart_V5.2_Source_Code\\Landing Page - Admin Panel - Store Panel - Website Panel\\Admin Panel\\vendor\\laravel\\framework\\src\\Illuminate\\Database\\Query\\Builder.php(2740): Illuminate\\Database\\Query\\Builder->runSelect()
#17 D:\\Work\\Contact\\Laravel\\7.9\\eMart_V5.2_Source_Code\\Landing Page - Admin Panel - Store Panel - Website Panel\\Admin Panel\\vendor\\laravel\\framework\\src\\Illuminate\\Database\\Query\\Builder.php(3294): Illuminate\\Database\\Query\\Builder->Illuminate\\Database\\Query\\{closure}()
#18 D:\\Work\\Contact\\Laravel\\7.9\\eMart_V5.2_Source_Code\\Landing Page - Admin Panel - Store Panel - Website Panel\\Admin Panel\\vendor\\laravel\\framework\\src\\Illuminate\\Database\\Query\\Builder.php(2739): Illuminate\\Database\\Query\\Builder->onceWithColumns(Array, Object(Closure))
#19 D:\\Work\\Contact\\Laravel\\7.9\\eMart_V5.2_Source_Code\\Landing Page - Admin Panel - Store Panel - Website Panel\\Admin Panel\\vendor\\laravel\\framework\\src\\Illuminate\\Database\\Eloquent\\Builder.php(737): Illuminate\\Database\\Query\\Builder->get(Array)
#20 D:\\Work\\Contact\\Laravel\\7.9\\eMart_V5.2_Source_Code\\Landing Page - Admin Panel - Store Panel - Website Panel\\Admin Panel\\vendor\\laravel\\framework\\src\\Illuminate\\Database\\Eloquent\\Builder.php(721): Illuminate\\Database\\Eloquent\\Builder->getModels(Array)
#21 D:\\Work\\Contact\\Laravel\\7.9\\eMart_V5.2_Source_Code\\Landing Page - Admin Panel - Store Panel - Website Panel\\Admin Panel\\vendor\\laravel\\framework\\src\\Illuminate\\Database\\Concerns\\BuildsQueries.php(333): Illuminate\\Database\\Eloquent\\Builder->get(Array)
#22 D:\\Work\\Contact\\Laravel\\7.9\\eMart_V5.2_Source_Code\\Landing Page - Admin Panel - Store Panel - Website Panel\\Admin Panel\\vendor\\laravel\\framework\\src\\Illuminate\\Auth\\EloquentUserProvider.php(139): Illuminate\\Database\\Eloquent\\Builder->first()
#23 D:\\Work\\Contact\\Laravel\\7.9\\eMart_V5.2_Source_Code\\Landing Page - Admin Panel - Store Panel - Website Panel\\Admin Panel\\vendor\\laravel\\framework\\src\\Illuminate\\Auth\\SessionGuard.php(381): Illuminate\\Auth\\EloquentUserProvider->retrieveByCredentials(Array)
#24 D:\\Work\\Contact\\Laravel\\7.9\\eMart_V5.2_Source_Code\\Landing Page - Admin Panel - Store Panel - Website Panel\\Admin Panel\\vendor\\laravel\\ui\\auth-backend\\AuthenticatesUsers.php(86): Illuminate\\Auth\\SessionGuard->attempt(Array, false)
#25 D:\\Work\\Contact\\Laravel\\7.9\\eMart_V5.2_Source_Code\\Landing Page - Admin Panel - Store Panel - Website Panel\\Admin Panel\\vendor\\laravel\\ui\\auth-backend\\AuthenticatesUsers.php(46): App\\Http\\Controllers\\Auth\\LoginController->attemptLogin(Object(Illuminate\\Http\\Request))
#26 D:\\Work\\Contact\\Laravel\\7.9\\eMart_V5.2_Source_Code\\Landing Page - Admin Panel - Store Panel - Website Panel\\Admin Panel\\vendor\\laravel\\framework\\src\\Illuminate\\Routing\\Controller.php(54): App\\Http\\Controllers\\Auth\\LoginController->login(Object(Illuminate\\Http\\Request))
#27 D:\\Work\\Contact\\Laravel\\7.9\\eMart_V5.2_Source_Code\\Landing Page - Admin Panel - Store Panel - Website Panel\\Admin Panel\\vendor\\laravel\\framework\\src\\Illuminate\\Routing\\ControllerDispatcher.php(43): Illuminate\\Routing\\Controller->callAction('login', Array)
#28 D:\\Work\\Contact\\Laravel\\7.9\\eMart_V5.2_Source_Code\\Landing Page - Admin Panel - Store Panel - Website Panel\\Admin Panel\\vendor\\laravel\\framework\\src\\Illuminate\\Routing\\Route.php(259): Illuminate\\Routing\\ControllerDispatcher->dispatch(Object(Illuminate\\Routing\\Route), Object(App\\Http\\Controllers\\Auth\\LoginController), 'login')
#29 D:\\Work\\Contact\\Laravel\\7.9\\eMart_V5.2_Source_Code\\Landing Page - Admin Panel - Store Panel - Website Panel\\Admin Panel\\vendor\\laravel\\framework\\src\\Illuminate\\Routing\\Route.php(205): Illuminate\\Routing\\Route->runController()
#30 D:\\Work\\Contact\\Laravel\\7.9\\eMart_V5.2_Source_Code\\Landing Page - Admin Panel - Store Panel - Website Panel\\Admin Panel\\vendor\\laravel\\framework\\src\\Illuminate\\Routing\\Router.php(806): Illuminate\\Routing\\Route->run()
#31 D:\\Work\\Contact\\Laravel\\7.9\\eMart_V5.2_Source_Code\\Landing Page - Admin Panel - Store Panel - Website Panel\\Admin Panel\\vendor\\laravel\\framework\\src\\Illuminate\\Pipeline\\Pipeline.php(141): Illuminate\\Routing\\Router->Illuminate\\Routing\\{closure}(Object(Illuminate\\Http\\Request))
#32 D:\\Work\\Contact\\Laravel\\7.9\\eMart_V5.2_Source_Code\\Landing Page - Admin Panel - Store Panel - Website Panel\\Admin Panel\\app\\Http\\Middleware\\RedirectIfAuthenticated.php(30): Illuminate\\Pipeline\\Pipeline->Illuminate\\Pipeline\\{closure}(Object(Illuminate\\Http\\Request))
#33 D:\\Work\\Contact\\Laravel\\7.9\\eMart_V5.2_Source_Code\\Landing Page - Admin Panel - Store Panel - Website Panel\\Admin Panel\\vendor\\laravel\\framework\\src\\Illuminate\\Pipeline\\Pipeline.php(180): App\\Http\\Middleware\\RedirectIfAuthenticated->handle(Object(Illuminate\\Http\\Request), Object(Closure))
#34 D:\\Work\\Contact\\Laravel\\7.9\\eMart_V5.2_Source_Code\\Landing Page - Admin Panel - Store Panel - Website Panel\\Admin Panel\\app\\Http\\Middleware\\CheckUserRoleMiddleware.php(34): Illuminate\\Pipeline\\Pipeline->Illuminate\\Pipeline\\{closure}(Object(Illuminate\\Http\\Request))
#35 D:\\Work\\Contact\\Laravel\\7.9\\eMart_V5.2_Source_Code\\Landing Page - Admin Panel - Store Panel - Website Panel\\Admin Panel\\vendor\\laravel\\framework\\src\\Illuminate\\Pipeline\\Pipeline.php(180): App\\Http\\Middleware\\CheckUserRoleMiddleware->handle(Object(Illuminate\\Http\\Request), Object(Closure))
#36 D:\\Work\\Contact\\Laravel\\7.9\\eMart_V5.2_Source_Code\\Landing Page - Admin Panel - Store Panel - Website Panel\\Admin Panel\\app\\Http\\Middleware\\LanguageManager.php(23): Illuminate\\Pipeline\\Pipeline->Illuminate\\Pipeline\\{closure}(Object(Illuminate\\Http\\Request))
#37 D:\\Work\\Contact\\Laravel\\7.9\\eMart_V5.2_Source_Code\\Landing Page - Admin Panel - Store Panel - Website Panel\\Admin Panel\\vendor\\laravel\\framework\\src\\Illuminate\\Pipeline\\Pipeline.php(180): App\\Http\\Middleware\\LanguageManager->handle(Object(Illuminate\\Http\\Request), Object(Closure))
#38 D:\\Work\\Contact\\Laravel\\7.9\\eMart_V5.2_Source_Code\\Landing Page - Admin Panel - Store Panel - Website Panel\\Admin Panel\\vendor\\laravel\\framework\\src\\Illuminate\\Routing\\Middleware\\SubstituteBindings.php(50): Illuminate\\Pipeline\\Pipeline->Illuminate\\Pipeline\\{closure}(Object(Illuminate\\Http\\Request))
#39 D:\\Work\\Contact\\Laravel\\7.9\\eMart_V5.2_Source_Code\\Landing Page - Admin Panel - Store Panel - Website Panel\\Admin Panel\\vendor\\laravel\\framework\\src\\Illuminate\\Pipeline\\Pipeline.php(180): Illuminate\\Routing\\Middleware\\SubstituteBindings->handle(Object(Illuminate\\Http\\Request), Object(Closure))
#40 D:\\Work\\Contact\\Laravel\\7.9\\eMart_V5.2_Source_Code\\Landing Page - Admin Panel - Store Panel - Website Panel\\Admin Panel\\vendor\\laravel\\framework\\src\\Illuminate\\Foundation\\Http\\Middleware\\VerifyCsrfToken.php(78): Illuminate\\Pipeline\\Pipeline->Illuminate\\Pipeline\\{closure}(Object(Illuminate\\Http\\Request))
#41 D:\\Work\\Contact\\Laravel\\7.9\\eMart_V5.2_Source_Code\\Landing Page - Admin Panel - Store Panel - Website Panel\\Admin Panel\\vendor\\laravel\\framework\\src\\Illuminate\\Pipeline\\Pipeline.php(180): Illuminate\\Foundation\\Http\\Middleware\\VerifyCsrfToken->handle(Object(Illuminate\\Http\\Request), Object(Closure))
#42 D:\\Work\\Contact\\Laravel\\7.9\\eMart_V5.2_Source_Code\\Landing Page - Admin Panel - Store Panel - Website Panel\\Admin Panel\\vendor\\laravel\\framework\\src\\Illuminate\\View\\Middleware\\ShareErrorsFromSession.php(49): Illuminate\\Pipeline\\Pipeline->Illuminate\\Pipeline\\{closure}(Object(Illuminate\\Http\\Request))
#43 D:\\Work\\Contact\\Laravel\\7.9\\eMart_V5.2_Source_Code\\Landing Page - Admin Panel - Store Panel - Website Panel\\Admin Panel\\vendor\\laravel\\framework\\src\\Illuminate\\Pipeline\\Pipeline.php(180): Illuminate\\View\\Middleware\\ShareErrorsFromSession->handle(Object(Illuminate\\Http\\Request), Object(Closure))
#44 D:\\Work\\Contact\\Laravel\\7.9\\eMart_V5.2_Source_Code\\Landing Page - Admin Panel - Store Panel - Website Panel\\Admin Panel\\vendor\\laravel\\framework\\src\\Illuminate\\Session\\Middleware\\StartSession.php(121): Illuminate\\Pipeline\\Pipeline->Illuminate\\Pipeline\\{closure}(Object(Illuminate\\Http\\Request))
#45 D:\\Work\\Contact\\Laravel\\7.9\\eMart_V5.2_Source_Code\\Landing Page - Admin Panel - Store Panel - Website Panel\\Admin Panel\\vendor\\laravel\\framework\\src\\Illuminate\\Session\\Middleware\\StartSession.php(64): Illuminate\\Session\\Middleware\\StartSession->handleStatefulRequest(Object(Illuminate\\Http\\Request), Object(Illuminate\\Session\\Store), Object(Closure))
#46 D:\\Work\\Contact\\Laravel\\7.9\\eMart_V5.2_Source_Code\\Landing Page - Admin Panel - Store Panel - Website Panel\\Admin Panel\\vendor\\laravel\\framework\\src\\Illuminate\\Pipeline\\Pipeline.php(180): Illuminate\\Session\\Middleware\\StartSession->handle(Object(Illuminate\\Http\\Request), Object(Closure))
#47 D:\\Work\\Contact\\Laravel\\7.9\\eMart_V5.2_Source_Code\\Landing Page - Admin Panel - Store Panel - Website Panel\\Admin Panel\\vendor\\laravel\\framework\\src\\Illuminate\\Cookie\\Middleware\\AddQueuedCookiesToResponse.php(37): Illuminate\\Pipeline\\Pipeline->Illuminate\\Pipeline\\{closure}(Object(Illuminate\\Http\\Request))
#48 D:\\Work\\Contact\\Laravel\\7.9\\eMart_V5.2_Source_Code\\Landing Page - Admin Panel - Store Panel - Website Panel\\Admin Panel\\vendor\\laravel\\framework\\src\\Illuminate\\Pipeline\\Pipeline.php(180): Illuminate\\Cookie\\Middleware\\AddQueuedCookiesToResponse->handle(Object(Illuminate\\Http\\Request), Object(Closure))
#49 D:\\Work\\Contact\\Laravel\\7.9\\eMart_V5.2_Source_Code\\Landing Page - Admin Panel - Store Panel - Website Panel\\Admin Panel\\vendor\\laravel\\framework\\src\\Illuminate\\Cookie\\Middleware\\EncryptCookies.php(67): Illuminate\\Pipeline\\Pipeline->Illuminate\\Pipeline\\{closure}(Object(Illuminate\\Http\\Request))
#50 D:\\Work\\Contact\\Laravel\\7.9\\eMart_V5.2_Source_Code\\Landing Page - Admin Panel - Store Panel - Website Panel\\Admin Panel\\vendor\\laravel\\framework\\src\\Illuminate\\Pipeline\\Pipeline.php(180): Illuminate\\Cookie\\Middleware\\EncryptCookies->handle(Object(Illuminate\\Http\\Request), Object(Closure))
#51 D:\\Work\\Contact\\Laravel\\7.9\\eMart_V5.2_Source_Code\\Landing Page - Admin Panel - Store Panel - Website Panel\\Admin Panel\\vendor\\laravel\\framework\\src\\Illuminate\\Pipeline\\Pipeline.php(116): Illuminate\\Pipeline\\Pipeline->Illuminate\\Pipeline\\{closure}(Object(Illuminate\\Http\\Request))
#52 D:\\Work\\Contact\\Laravel\\7.9\\eMart_V5.2_Source_Code\\Landing Page - Admin Panel - Store Panel - Website Panel\\Admin Panel\\vendor\\laravel\\framework\\src\\Illuminate\\Routing\\Router.php(805): Illuminate\\Pipeline\\Pipeline->then(Object(Closure))
#53 D:\\Work\\Contact\\Laravel\\7.9\\eMart_V5.2_Source_Code\\Landing Page - Admin Panel - Store Panel - Website Panel\\Admin Panel\\vendor\\laravel\\framework\\src\\Illuminate\\Routing\\Router.php(784): Illuminate\\Routing\\Router->runRouteWithinStack(Object(Illuminate\\Routing\\Route), Object(Illuminate\\Http\\Request))
#54 D:\\Work\\Contact\\Laravel\\7.9\\eMart_V5.2_Source_Code\\Landing Page - Admin Panel - Store Panel - Website Panel\\Admin Panel\\vendor\\laravel\\framework\\src\\Illuminate\\Routing\\Router.php(748): Illuminate\\Routing\\Router->runRoute(Object(Illuminate\\Http\\Request), Object(Illuminate\\Routing\\Route))
#55 D:\\Work\\Contact\\Laravel\\7.9\\eMart_V5.2_Source_Code\\Landing Page - Admin Panel - Store Panel - Website Panel\\Admin Panel\\vendor\\laravel\\framework\\src\\Illuminate\\Routing\\Router.php(737): Illuminate\\Routing\\Router->dispatchToRoute(Object(Illuminate\\Http\\Request))
#56 D:\\Work\\Contact\\Laravel\\7.9\\eMart_V5.2_Source_Code\\Landing Page - Admin Panel - Store Panel - Website Panel\\Admin Panel\\vendor\\laravel\\framework\\src\\Illuminate\\Foundation\\Http\\Kernel.php(200): Illuminate\\Routing\\Router->dispatch(Object(Illuminate\\Http\\Request))
#57 D:\\Work\\Contact\\Laravel\\7.9\\eMart_V5.2_Source_Code\\Landing Page - Admin Panel - Store Panel - Website Panel\\Admin Panel\\vendor\\laravel\\framework\\src\\Illuminate\\Pipeline\\Pipeline.php(141): Illuminate\\Foundation\\Http\\Kernel->Illuminate\\Foundation\\Http\\{closure}(Object(Illuminate\\Http\\Request))
#58 D:\\Work\\Contact\\Laravel\\7.9\\eMart_V5.2_Source_Code\\Landing Page - Admin Panel - Store Panel - Website Panel\\Admin Panel\\vendor\\laravel\\framework\\src\\Illuminate\\Foundation\\Http\\Middleware\\TransformsRequest.php(21): Illuminate\\Pipeline\\Pipeline->Illuminate\\Pipeline\\{closure}(Object(Illuminate\\Http\\Request))
#59 D:\\Work\\Contact\\Laravel\\7.9\\eMart_V5.2_Source_Code\\Landing Page - Admin Panel - Store Panel - Website Panel\\Admin Panel\\vendor\\laravel\\framework\\src\\Illuminate\\Foundation\\Http\\Middleware\\ConvertEmptyStringsToNull.php(31): Illuminate\\Foundation\\Http\\Middleware\\TransformsRequest->handle(Object(Illuminate\\Http\\Request), Object(Closure))
#60 D:\\Work\\Contact\\Laravel\\7.9\\eMart_V5.2_Source_Code\\Landing Page - Admin Panel - Store Panel - Website Panel\\Admin Panel\\vendor\\laravel\\framework\\src\\Illuminate\\Pipeline\\Pipeline.php(180): Illuminate\\Foundation\\Http\\Middleware\\ConvertEmptyStringsToNull->handle(Object(Illuminate\\Http\\Request), Object(Closure))
#61 D:\\Work\\Contact\\Laravel\\7.9\\eMart_V5.2_Source_Code\\Landing Page - Admin Panel - Store Panel - Website Panel\\Admin Panel\\vendor\\laravel\\framework\\src\\Illuminate\\Foundation\\Http\\Middleware\\TransformsRequest.php(21): Illuminate\\Pipeline\\Pipeline->Illuminate\\Pipeline\\{closure}(Object(Illuminate\\Http\\Request))
#62 D:\\Work\\Contact\\Laravel\\7.9\\eMart_V5.2_Source_Code\\Landing Page - Admin Panel - Store Panel - Website Panel\\Admin Panel\\vendor\\laravel\\framework\\src\\Illuminate\\Foundation\\Http\\Middleware\\TrimStrings.php(40): Illuminate\\Foundation\\Http\\Middleware\\TransformsRequest->handle(Object(Illuminate\\Http\\Request), Object(Closure))
#63 D:\\Work\\Contact\\Laravel\\7.9\\eMart_V5.2_Source_Code\\Landing Page - Admin Panel - Store Panel - Website Panel\\Admin Panel\\vendor\\laravel\\framework\\src\\Illuminate\\Pipeline\\Pipeline.php(180): Illuminate\\Foundation\\Http\\Middleware\\TrimStrings->handle(Object(Illuminate\\Http\\Request), Object(Closure))
#64 D:\\Work\\Contact\\Laravel\\7.9\\eMart_V5.2_Source_Code\\Landing Page - Admin Panel - Store Panel - Website Panel\\Admin Panel\\vendor\\laravel\\framework\\src\\Illuminate\\Foundation\\Http\\Middleware\\ValidatePostSize.php(27): Illuminate\\Pipeline\\Pipeline->Illuminate\\Pipeline\\{closure}(Object(Illuminate\\Http\\Request))
#65 D:\\Work\\Contact\\Laravel\\7.9\\eMart_V5.2_Source_Code\\Landing Page - Admin Panel - Store Panel - Website Panel\\Admin Panel\\vendor\\laravel\\framework\\src\\Illuminate\\Pipeline\\Pipeline.php(180): Illuminate\\Foundation\\Http\\Middleware\\ValidatePostSize->handle(Object(Illuminate\\Http\\Request), Object(Closure))
#66 D:\\Work\\Contact\\Laravel\\7.9\\eMart_V5.2_Source_Code\\Landing Page - Admin Panel - Store Panel - Website Panel\\Admin Panel\\vendor\\laravel\\framework\\src\\Illuminate\\Foundation\\Http\\Middleware\\PreventRequestsDuringMaintenance.php(99): Illuminate\\Pipeline\\Pipeline->Illuminate\\Pipeline\\{closure}(Object(Illuminate\\Http\\Request))
#67 D:\\Work\\Contact\\Laravel\\7.9\\eMart_V5.2_Source_Code\\Landing Page - Admin Panel - Store Panel - Website Panel\\Admin Panel\\vendor\\laravel\\framework\\src\\Illuminate\\Pipeline\\Pipeline.php(180): Illuminate\\Foundation\\Http\\Middleware\\PreventRequestsDuringMaintenance->handle(Object(Illuminate\\Http\\Request), Object(Closure))
#68 D:\\Work\\Contact\\Laravel\\7.9\\eMart_V5.2_Source_Code\\Landing Page - Admin Panel - Store Panel - Website Panel\\Admin Panel\\vendor\\laravel\\framework\\src\\Illuminate\\Http\\Middleware\\HandleCors.php(49): Illuminate\\Pipeline\\Pipeline->Illuminate\\Pipeline\\{closure}(Object(Illuminate\\Http\\Request))
#69 D:\\Work\\Contact\\Laravel\\7.9\\eMart_V5.2_Source_Code\\Landing Page - Admin Panel - Store Panel - Website Panel\\Admin Panel\\vendor\\laravel\\framework\\src\\Illuminate\\Pipeline\\Pipeline.php(180): Illuminate\\Http\\Middleware\\HandleCors->handle(Object(Illuminate\\Http\\Request), Object(Closure))
#70 D:\\Work\\Contact\\Laravel\\7.9\\eMart_V5.2_Source_Code\\Landing Page - Admin Panel - Store Panel - Website Panel\\Admin Panel\\vendor\\laravel\\framework\\src\\Illuminate\\Http\\Middleware\\TrustProxies.php(39): Illuminate\\Pipeline\\Pipeline->Illuminate\\Pipeline\\{closure}(Object(Illuminate\\Http\\Request))
#71 D:\\Work\\Contact\\Laravel\\7.9\\eMart_V5.2_Source_Code\\Landing Page - Admin Panel - Store Panel - Website Panel\\Admin Panel\\vendor\\laravel\\framework\\src\\Illuminate\\Pipeline\\Pipeline.php(180): Illuminate\\Http\\Middleware\\TrustProxies->handle(Object(Illuminate\\Http\\Request), Object(Closure))
#72 D:\\Work\\Contact\\Laravel\\7.9\\eMart_V5.2_Source_Code\\Landing Page - Admin Panel - Store Panel - Website Panel\\Admin Panel\\vendor\\laravel\\framework\\src\\Illuminate\\Pipeline\\Pipeline.php(116): Illuminate\\Pipeline\\Pipeline->Illuminate\\Pipeline\\{closure}(Object(Illuminate\\Http\\Request))
#73 D:\\Work\\Contact\\Laravel\\7.9\\eMart_V5.2_Source_Code\\Landing Page - Admin Panel - Store Panel - Website Panel\\Admin Panel\\vendor\\laravel\\framework\\src\\Illuminate\\Foundation\\Http\\Kernel.php(175): Illuminate\\Pipeline\\Pipeline->then(Object(Closure))
#74 D:\\Work\\Contact\\Laravel\\7.9\\eMart_V5.2_Source_Code\\Landing Page - Admin Panel - Store Panel - Website Panel\\Admin Panel\\vendor\\laravel\\framework\\src\\Illuminate\\Foundation\\Http\\Kernel.php(144): Illuminate\\Foundation\\Http\\Kernel->sendRequestThroughRouter(Object(Illuminate\\Http\\Request))
#75 D:\\Work\\Contact\\Laravel\\7.9\\eMart_V5.2_Source_Code\\Landing Page - Admin Panel - Store Panel - Website Panel\\Admin Panel\\public\\index.php(51): Illuminate\\Foundation\\Http\\Kernel->handle(Object(Illuminate\\Http\\Request))
#76 D:\\Work\\Contact\\Laravel\\7.9\\eMart_V5.2_Source_Code\\Landing Page - Admin Panel - Store Panel - Website Panel\\Admin Panel\\server.php(21): require_once('D:\\\\Work\\\\Contact...')
#77 {main}
"} 
[2024-07-11 11:51:38] local.ERROR: SQLSTATE[HY000] [2002] No connection could be made because the target machine actively refused it (Connection: mysql, SQL: select * from `users` where `email` = admin@emart.com limit 1) {"exception":"[object] (Illuminate\\Database\\QueryException(code: 2002): SQLSTATE[HY000] [2002] No connection could be made because the target machine actively refused it (Connection: mysql, SQL: select * from `users` where `email` = admin@emart.com limit 1) at D:\\Work\\Contact\\Laravel\\7.9\\eMart_V5.2_Source_Code\\Landing Page - Admin Panel - Store Panel - Website Panel\\Admin Panel\\vendor\\laravel\\framework\\src\\Illuminate\\Database\\Connection.php:822)
[stacktrace]
#0 D:\\Work\\Contact\\Laravel\\7.9\\eMart_V5.2_Source_Code\\Landing Page - Admin Panel - Store Panel - Website Panel\\Admin Panel\\vendor\\laravel\\framework\\src\\Illuminate\\Database\\Connection.php(976): Illuminate\\Database\\Connection->runQueryCallback('select * from `...', Array, Object(Closure))
#1 D:\\Work\\Contact\\Laravel\\7.9\\eMart_V5.2_Source_Code\\Landing Page - Admin Panel - Store Panel - Website Panel\\Admin Panel\\vendor\\laravel\\framework\\src\\Illuminate\\Database\\Connection.php(955): Illuminate\\Database\\Connection->tryAgainIfCausedByLostConnection(Object(Illuminate\\Database\\QueryException), 'select * from `...', Array, Object(Closure))
#2 D:\\Work\\Contact\\Laravel\\7.9\\eMart_V5.2_Source_Code\\Landing Page - Admin Panel - Store Panel - Website Panel\\Admin Panel\\vendor\\laravel\\framework\\src\\Illuminate\\Database\\Connection.php(778): Illuminate\\Database\\Connection->handleQueryException(Object(Illuminate\\Database\\QueryException), 'select * from `...', Array, Object(Closure))
#3 D:\\Work\\Contact\\Laravel\\7.9\\eMart_V5.2_Source_Code\\Landing Page - Admin Panel - Store Panel - Website Panel\\Admin Panel\\vendor\\laravel\\framework\\src\\Illuminate\\Database\\Connection.php(407): Illuminate\\Database\\Connection->run('select * from `...', Array, Object(Closure))
#4 D:\\Work\\Contact\\Laravel\\7.9\\eMart_V5.2_Source_Code\\Landing Page - Admin Panel - Store Panel - Website Panel\\Admin Panel\\vendor\\laravel\\framework\\src\\Illuminate\\Database\\Query\\Builder.php(2751): Illuminate\\Database\\Connection->select('select * from `...', Array, true)
#5 D:\\Work\\Contact\\Laravel\\7.9\\eMart_V5.2_Source_Code\\Landing Page - Admin Panel - Store Panel - Website Panel\\Admin Panel\\vendor\\laravel\\framework\\src\\Illuminate\\Database\\Query\\Builder.php(2740): Illuminate\\Database\\Query\\Builder->runSelect()
#6 D:\\Work\\Contact\\Laravel\\7.9\\eMart_V5.2_Source_Code\\Landing Page - Admin Panel - Store Panel - Website Panel\\Admin Panel\\vendor\\laravel\\framework\\src\\Illuminate\\Database\\Query\\Builder.php(3294): Illuminate\\Database\\Query\\Builder->Illuminate\\Database\\Query\\{closure}()
#7 D:\\Work\\Contact\\Laravel\\7.9\\eMart_V5.2_Source_Code\\Landing Page - Admin Panel - Store Panel - Website Panel\\Admin Panel\\vendor\\laravel\\framework\\src\\Illuminate\\Database\\Query\\Builder.php(2739): Illuminate\\Database\\Query\\Builder->onceWithColumns(Array, Object(Closure))
#8 D:\\Work\\Contact\\Laravel\\7.9\\eMart_V5.2_Source_Code\\Landing Page - Admin Panel - Store Panel - Website Panel\\Admin Panel\\vendor\\laravel\\framework\\src\\Illuminate\\Database\\Eloquent\\Builder.php(737): Illuminate\\Database\\Query\\Builder->get(Array)
#9 D:\\Work\\Contact\\Laravel\\7.9\\eMart_V5.2_Source_Code\\Landing Page - Admin Panel - Store Panel - Website Panel\\Admin Panel\\vendor\\laravel\\framework\\src\\Illuminate\\Database\\Eloquent\\Builder.php(721): Illuminate\\Database\\Eloquent\\Builder->getModels(Array)
#10 D:\\Work\\Contact\\Laravel\\7.9\\eMart_V5.2_Source_Code\\Landing Page - Admin Panel - Store Panel - Website Panel\\Admin Panel\\vendor\\laravel\\framework\\src\\Illuminate\\Database\\Concerns\\BuildsQueries.php(333): Illuminate\\Database\\Eloquent\\Builder->get(Array)
#11 D:\\Work\\Contact\\Laravel\\7.9\\eMart_V5.2_Source_Code\\Landing Page - Admin Panel - Store Panel - Website Panel\\Admin Panel\\vendor\\laravel\\framework\\src\\Illuminate\\Auth\\EloquentUserProvider.php(139): Illuminate\\Database\\Eloquent\\Builder->first()
#12 D:\\Work\\Contact\\Laravel\\7.9\\eMart_V5.2_Source_Code\\Landing Page - Admin Panel - Store Panel - Website Panel\\Admin Panel\\vendor\\laravel\\framework\\src\\Illuminate\\Auth\\SessionGuard.php(381): Illuminate\\Auth\\EloquentUserProvider->retrieveByCredentials(Array)
#13 D:\\Work\\Contact\\Laravel\\7.9\\eMart_V5.2_Source_Code\\Landing Page - Admin Panel - Store Panel - Website Panel\\Admin Panel\\vendor\\laravel\\ui\\auth-backend\\AuthenticatesUsers.php(86): Illuminate\\Auth\\SessionGuard->attempt(Array, true)
#14 D:\\Work\\Contact\\Laravel\\7.9\\eMart_V5.2_Source_Code\\Landing Page - Admin Panel - Store Panel - Website Panel\\Admin Panel\\vendor\\laravel\\ui\\auth-backend\\AuthenticatesUsers.php(46): App\\Http\\Controllers\\Auth\\LoginController->attemptLogin(Object(Illuminate\\Http\\Request))
#15 D:\\Work\\Contact\\Laravel\\7.9\\eMart_V5.2_Source_Code\\Landing Page - Admin Panel - Store Panel - Website Panel\\Admin Panel\\vendor\\laravel\\framework\\src\\Illuminate\\Routing\\Controller.php(54): App\\Http\\Controllers\\Auth\\LoginController->login(Object(Illuminate\\Http\\Request))
#16 D:\\Work\\Contact\\Laravel\\7.9\\eMart_V5.2_Source_Code\\Landing Page - Admin Panel - Store Panel - Website Panel\\Admin Panel\\vendor\\laravel\\framework\\src\\Illuminate\\Routing\\ControllerDispatcher.php(43): Illuminate\\Routing\\Controller->callAction('login', Array)
#17 D:\\Work\\Contact\\Laravel\\7.9\\eMart_V5.2_Source_Code\\Landing Page - Admin Panel - Store Panel - Website Panel\\Admin Panel\\vendor\\laravel\\framework\\src\\Illuminate\\Routing\\Route.php(259): Illuminate\\Routing\\ControllerDispatcher->dispatch(Object(Illuminate\\Routing\\Route), Object(App\\Http\\Controllers\\Auth\\LoginController), 'login')
#18 D:\\Work\\Contact\\Laravel\\7.9\\eMart_V5.2_Source_Code\\Landing Page - Admin Panel - Store Panel - Website Panel\\Admin Panel\\vendor\\laravel\\framework\\src\\Illuminate\\Routing\\Route.php(205): Illuminate\\Routing\\Route->runController()
#19 D:\\Work\\Contact\\Laravel\\7.9\\eMart_V5.2_Source_Code\\Landing Page - Admin Panel - Store Panel - Website Panel\\Admin Panel\\vendor\\laravel\\framework\\src\\Illuminate\\Routing\\Router.php(806): Illuminate\\Routing\\Route->run()
#20 D:\\Work\\Contact\\Laravel\\7.9\\eMart_V5.2_Source_Code\\Landing Page - Admin Panel - Store Panel - Website Panel\\Admin Panel\\vendor\\laravel\\framework\\src\\Illuminate\\Pipeline\\Pipeline.php(141): Illuminate\\Routing\\Router->Illuminate\\Routing\\{closure}(Object(Illuminate\\Http\\Request))
#21 D:\\Work\\Contact\\Laravel\\7.9\\eMart_V5.2_Source_Code\\Landing Page - Admin Panel - Store Panel - Website Panel\\Admin Panel\\app\\Http\\Middleware\\RedirectIfAuthenticated.php(30): Illuminate\\Pipeline\\Pipeline->Illuminate\\Pipeline\\{closure}(Object(Illuminate\\Http\\Request))
#22 D:\\Work\\Contact\\Laravel\\7.9\\eMart_V5.2_Source_Code\\Landing Page - Admin Panel - Store Panel - Website Panel\\Admin Panel\\vendor\\laravel\\framework\\src\\Illuminate\\Pipeline\\Pipeline.php(180): App\\Http\\Middleware\\RedirectIfAuthenticated->handle(Object(Illuminate\\Http\\Request), Object(Closure))
#23 D:\\Work\\Contact\\Laravel\\7.9\\eMart_V5.2_Source_Code\\Landing Page - Admin Panel - Store Panel - Website Panel\\Admin Panel\\app\\Http\\Middleware\\CheckUserRoleMiddleware.php(34): Illuminate\\Pipeline\\Pipeline->Illuminate\\Pipeline\\{closure}(Object(Illuminate\\Http\\Request))
#24 D:\\Work\\Contact\\Laravel\\7.9\\eMart_V5.2_Source_Code\\Landing Page - Admin Panel - Store Panel - Website Panel\\Admin Panel\\vendor\\laravel\\framework\\src\\Illuminate\\Pipeline\\Pipeline.php(180): App\\Http\\Middleware\\CheckUserRoleMiddleware->handle(Object(Illuminate\\Http\\Request), Object(Closure))
#25 D:\\Work\\Contact\\Laravel\\7.9\\eMart_V5.2_Source_Code\\Landing Page - Admin Panel - Store Panel - Website Panel\\Admin Panel\\app\\Http\\Middleware\\LanguageManager.php(23): Illuminate\\Pipeline\\Pipeline->Illuminate\\Pipeline\\{closure}(Object(Illuminate\\Http\\Request))
#26 D:\\Work\\Contact\\Laravel\\7.9\\eMart_V5.2_Source_Code\\Landing Page - Admin Panel - Store Panel - Website Panel\\Admin Panel\\vendor\\laravel\\framework\\src\\Illuminate\\Pipeline\\Pipeline.php(180): App\\Http\\Middleware\\LanguageManager->handle(Object(Illuminate\\Http\\Request), Object(Closure))
#27 D:\\Work\\Contact\\Laravel\\7.9\\eMart_V5.2_Source_Code\\Landing Page - Admin Panel - Store Panel - Website Panel\\Admin Panel\\vendor\\laravel\\framework\\src\\Illuminate\\Routing\\Middleware\\SubstituteBindings.php(50): Illuminate\\Pipeline\\Pipeline->Illuminate\\Pipeline\\{closure}(Object(Illuminate\\Http\\Request))
#28 D:\\Work\\Contact\\Laravel\\7.9\\eMart_V5.2_Source_Code\\Landing Page - Admin Panel - Store Panel - Website Panel\\Admin Panel\\vendor\\laravel\\framework\\src\\Illuminate\\Pipeline\\Pipeline.php(180): Illuminate\\Routing\\Middleware\\SubstituteBindings->handle(Object(Illuminate\\Http\\Request), Object(Closure))
#29 D:\\Work\\Contact\\Laravel\\7.9\\eMart_V5.2_Source_Code\\Landing Page - Admin Panel - Store Panel - Website Panel\\Admin Panel\\vendor\\laravel\\framework\\src\\Illuminate\\Foundation\\Http\\Middleware\\VerifyCsrfToken.php(78): Illuminate\\Pipeline\\Pipeline->Illuminate\\Pipeline\\{closure}(Object(Illuminate\\Http\\Request))
#30 D:\\Work\\Contact\\Laravel\\7.9\\eMart_V5.2_Source_Code\\Landing Page - Admin Panel - Store Panel - Website Panel\\Admin Panel\\vendor\\laravel\\framework\\src\\Illuminate\\Pipeline\\Pipeline.php(180): Illuminate\\Foundation\\Http\\Middleware\\VerifyCsrfToken->handle(Object(Illuminate\\Http\\Request), Object(Closure))
#31 D:\\Work\\Contact\\Laravel\\7.9\\eMart_V5.2_Source_Code\\Landing Page - Admin Panel - Store Panel - Website Panel\\Admin Panel\\vendor\\laravel\\framework\\src\\Illuminate\\View\\Middleware\\ShareErrorsFromSession.php(49): Illuminate\\Pipeline\\Pipeline->Illuminate\\Pipeline\\{closure}(Object(Illuminate\\Http\\Request))
#32 D:\\Work\\Contact\\Laravel\\7.9\\eMart_V5.2_Source_Code\\Landing Page - Admin Panel - Store Panel - Website Panel\\Admin Panel\\vendor\\laravel\\framework\\src\\Illuminate\\Pipeline\\Pipeline.php(180): Illuminate\\View\\Middleware\\ShareErrorsFromSession->handle(Object(Illuminate\\Http\\Request), Object(Closure))
#33 D:\\Work\\Contact\\Laravel\\7.9\\eMart_V5.2_Source_Code\\Landing Page - Admin Panel - Store Panel - Website Panel\\Admin Panel\\vendor\\laravel\\framework\\src\\Illuminate\\Session\\Middleware\\StartSession.php(121): Illuminate\\Pipeline\\Pipeline->Illuminate\\Pipeline\\{closure}(Object(Illuminate\\Http\\Request))
#34 D:\\Work\\Contact\\Laravel\\7.9\\eMart_V5.2_Source_Code\\Landing Page - Admin Panel - Store Panel - Website Panel\\Admin Panel\\vendor\\laravel\\framework\\src\\Illuminate\\Session\\Middleware\\StartSession.php(64): Illuminate\\Session\\Middleware\\StartSession->handleStatefulRequest(Object(Illuminate\\Http\\Request), Object(Illuminate\\Session\\Store), Object(Closure))
#35 D:\\Work\\Contact\\Laravel\\7.9\\eMart_V5.2_Source_Code\\Landing Page - Admin Panel - Store Panel - Website Panel\\Admin Panel\\vendor\\laravel\\framework\\src\\Illuminate\\Pipeline\\Pipeline.php(180): Illuminate\\Session\\Middleware\\StartSession->handle(Object(Illuminate\\Http\\Request), Object(Closure))
#36 D:\\Work\\Contact\\Laravel\\7.9\\eMart_V5.2_Source_Code\\Landing Page - Admin Panel - Store Panel - Website Panel\\Admin Panel\\vendor\\laravel\\framework\\src\\Illuminate\\Cookie\\Middleware\\AddQueuedCookiesToResponse.php(37): Illuminate\\Pipeline\\Pipeline->Illuminate\\Pipeline\\{closure}(Object(Illuminate\\Http\\Request))
#37 D:\\Work\\Contact\\Laravel\\7.9\\eMart_V5.2_Source_Code\\Landing Page - Admin Panel - Store Panel - Website Panel\\Admin Panel\\vendor\\laravel\\framework\\src\\Illuminate\\Pipeline\\Pipeline.php(180): Illuminate\\Cookie\\Middleware\\AddQueuedCookiesToResponse->handle(Object(Illuminate\\Http\\Request), Object(Closure))
#38 D:\\Work\\Contact\\Laravel\\7.9\\eMart_V5.2_Source_Code\\Landing Page - Admin Panel - Store Panel - Website Panel\\Admin Panel\\vendor\\laravel\\framework\\src\\Illuminate\\Cookie\\Middleware\\EncryptCookies.php(67): Illuminate\\Pipeline\\Pipeline->Illuminate\\Pipeline\\{closure}(Object(Illuminate\\Http\\Request))
#39 D:\\Work\\Contact\\Laravel\\7.9\\eMart_V5.2_Source_Code\\Landing Page - Admin Panel - Store Panel - Website Panel\\Admin Panel\\vendor\\laravel\\framework\\src\\Illuminate\\Pipeline\\Pipeline.php(180): Illuminate\\Cookie\\Middleware\\EncryptCookies->handle(Object(Illuminate\\Http\\Request), Object(Closure))
#40 D:\\Work\\Contact\\Laravel\\7.9\\eMart_V5.2_Source_Code\\Landing Page - Admin Panel - Store Panel - Website Panel\\Admin Panel\\vendor\\laravel\\framework\\src\\Illuminate\\Pipeline\\Pipeline.php(116): Illuminate\\Pipeline\\Pipeline->Illuminate\\Pipeline\\{closure}(Object(Illuminate\\Http\\Request))
#41 D:\\Work\\Contact\\Laravel\\7.9\\eMart_V5.2_Source_Code\\Landing Page - Admin Panel - Store Panel - Website Panel\\Admin Panel\\vendor\\laravel\\framework\\src\\Illuminate\\Routing\\Router.php(805): Illuminate\\Pipeline\\Pipeline->then(Object(Closure))
#42 D:\\Work\\Contact\\Laravel\\7.9\\eMart_V5.2_Source_Code\\Landing Page - Admin Panel - Store Panel - Website Panel\\Admin Panel\\vendor\\laravel\\framework\\src\\Illuminate\\Routing\\Router.php(784): Illuminate\\Routing\\Router->runRouteWithinStack(Object(Illuminate\\Routing\\Route), Object(Illuminate\\Http\\Request))
#43 D:\\Work\\Contact\\Laravel\\7.9\\eMart_V5.2_Source_Code\\Landing Page - Admin Panel - Store Panel - Website Panel\\Admin Panel\\vendor\\laravel\\framework\\src\\Illuminate\\Routing\\Router.php(748): Illuminate\\Routing\\Router->runRoute(Object(Illuminate\\Http\\Request), Object(Illuminate\\Routing\\Route))
#44 D:\\Work\\Contact\\Laravel\\7.9\\eMart_V5.2_Source_Code\\Landing Page - Admin Panel - Store Panel - Website Panel\\Admin Panel\\vendor\\laravel\\framework\\src\\Illuminate\\Routing\\Router.php(737): Illuminate\\Routing\\Router->dispatchToRoute(Object(Illuminate\\Http\\Request))
#45 D:\\Work\\Contact\\Laravel\\7.9\\eMart_V5.2_Source_Code\\Landing Page - Admin Panel - Store Panel - Website Panel\\Admin Panel\\vendor\\laravel\\framework\\src\\Illuminate\\Foundation\\Http\\Kernel.php(200): Illuminate\\Routing\\Router->dispatch(Object(Illuminate\\Http\\Request))
#46 D:\\Work\\Contact\\Laravel\\7.9\\eMart_V5.2_Source_Code\\Landing Page - Admin Panel - Store Panel - Website Panel\\Admin Panel\\vendor\\laravel\\framework\\src\\Illuminate\\Pipeline\\Pipeline.php(141): Illuminate\\Foundation\\Http\\Kernel->Illuminate\\Foundation\\Http\\{closure}(Object(Illuminate\\Http\\Request))
#47 D:\\Work\\Contact\\Laravel\\7.9\\eMart_V5.2_Source_Code\\Landing Page - Admin Panel - Store Panel - Website Panel\\Admin Panel\\vendor\\laravel\\framework\\src\\Illuminate\\Foundation\\Http\\Middleware\\TransformsRequest.php(21): Illuminate\\Pipeline\\Pipeline->Illuminate\\Pipeline\\{closure}(Object(Illuminate\\Http\\Request))
#48 D:\\Work\\Contact\\Laravel\\7.9\\eMart_V5.2_Source_Code\\Landing Page - Admin Panel - Store Panel - Website Panel\\Admin Panel\\vendor\\laravel\\framework\\src\\Illuminate\\Foundation\\Http\\Middleware\\ConvertEmptyStringsToNull.php(31): Illuminate\\Foundation\\Http\\Middleware\\TransformsRequest->handle(Object(Illuminate\\Http\\Request), Object(Closure))
#49 D:\\Work\\Contact\\Laravel\\7.9\\eMart_V5.2_Source_Code\\Landing Page - Admin Panel - Store Panel - Website Panel\\Admin Panel\\vendor\\laravel\\framework\\src\\Illuminate\\Pipeline\\Pipeline.php(180): Illuminate\\Foundation\\Http\\Middleware\\ConvertEmptyStringsToNull->handle(Object(Illuminate\\Http\\Request), Object(Closure))
#50 D:\\Work\\Contact\\Laravel\\7.9\\eMart_V5.2_Source_Code\\Landing Page - Admin Panel - Store Panel - Website Panel\\Admin Panel\\vendor\\laravel\\framework\\src\\Illuminate\\Foundation\\Http\\Middleware\\TransformsRequest.php(21): Illuminate\\Pipeline\\Pipeline->Illuminate\\Pipeline\\{closure}(Object(Illuminate\\Http\\Request))
#51 D:\\Work\\Contact\\Laravel\\7.9\\eMart_V5.2_Source_Code\\Landing Page - Admin Panel - Store Panel - Website Panel\\Admin Panel\\vendor\\laravel\\framework\\src\\Illuminate\\Foundation\\Http\\Middleware\\TrimStrings.php(40): Illuminate\\Foundation\\Http\\Middleware\\TransformsRequest->handle(Object(Illuminate\\Http\\Request), Object(Closure))
#52 D:\\Work\\Contact\\Laravel\\7.9\\eMart_V5.2_Source_Code\\Landing Page - Admin Panel - Store Panel - Website Panel\\Admin Panel\\vendor\\laravel\\framework\\src\\Illuminate\\Pipeline\\Pipeline.php(180): Illuminate\\Foundation\\Http\\Middleware\\TrimStrings->handle(Object(Illuminate\\Http\\Request), Object(Closure))
#53 D:\\Work\\Contact\\Laravel\\7.9\\eMart_V5.2_Source_Code\\Landing Page - Admin Panel - Store Panel - Website Panel\\Admin Panel\\vendor\\laravel\\framework\\src\\Illuminate\\Foundation\\Http\\Middleware\\ValidatePostSize.php(27): Illuminate\\Pipeline\\Pipeline->Illuminate\\Pipeline\\{closure}(Object(Illuminate\\Http\\Request))
#54 D:\\Work\\Contact\\Laravel\\7.9\\eMart_V5.2_Source_Code\\Landing Page - Admin Panel - Store Panel - Website Panel\\Admin Panel\\vendor\\laravel\\framework\\src\\Illuminate\\Pipeline\\Pipeline.php(180): Illuminate\\Foundation\\Http\\Middleware\\ValidatePostSize->handle(Object(Illuminate\\Http\\Request), Object(Closure))
#55 D:\\Work\\Contact\\Laravel\\7.9\\eMart_V5.2_Source_Code\\Landing Page - Admin Panel - Store Panel - Website Panel\\Admin Panel\\vendor\\laravel\\framework\\src\\Illuminate\\Foundation\\Http\\Middleware\\PreventRequestsDuringMaintenance.php(99): Illuminate\\Pipeline\\Pipeline->Illuminate\\Pipeline\\{closure}(Object(Illuminate\\Http\\Request))
#56 D:\\Work\\Contact\\Laravel\\7.9\\eMart_V5.2_Source_Code\\Landing Page - Admin Panel - Store Panel - Website Panel\\Admin Panel\\vendor\\laravel\\framework\\src\\Illuminate\\Pipeline\\Pipeline.php(180): Illuminate\\Foundation\\Http\\Middleware\\PreventRequestsDuringMaintenance->handle(Object(Illuminate\\Http\\Request), Object(Closure))
#57 D:\\Work\\Contact\\Laravel\\7.9\\eMart_V5.2_Source_Code\\Landing Page - Admin Panel - Store Panel - Website Panel\\Admin Panel\\vendor\\laravel\\framework\\src\\Illuminate\\Http\\Middleware\\HandleCors.php(49): Illuminate\\Pipeline\\Pipeline->Illuminate\\Pipeline\\{closure}(Object(Illuminate\\Http\\Request))
#58 D:\\Work\\Contact\\Laravel\\7.9\\eMart_V5.2_Source_Code\\Landing Page - Admin Panel - Store Panel - Website Panel\\Admin Panel\\vendor\\laravel\\framework\\src\\Illuminate\\Pipeline\\Pipeline.php(180): Illuminate\\Http\\Middleware\\HandleCors->handle(Object(Illuminate\\Http\\Request), Object(Closure))
#59 D:\\Work\\Contact\\Laravel\\7.9\\eMart_V5.2_Source_Code\\Landing Page - Admin Panel - Store Panel - Website Panel\\Admin Panel\\vendor\\laravel\\framework\\src\\Illuminate\\Http\\Middleware\\TrustProxies.php(39): Illuminate\\Pipeline\\Pipeline->Illuminate\\Pipeline\\{closure}(Object(Illuminate\\Http\\Request))
#60 D:\\Work\\Contact\\Laravel\\7.9\\eMart_V5.2_Source_Code\\Landing Page - Admin Panel - Store Panel - Website Panel\\Admin Panel\\vendor\\laravel\\framework\\src\\Illuminate\\Pipeline\\Pipeline.php(180): Illuminate\\Http\\Middleware\\TrustProxies->handle(Object(Illuminate\\Http\\Request), Object(Closure))
#61 D:\\Work\\Contact\\Laravel\\7.9\\eMart_V5.2_Source_Code\\Landing Page - Admin Panel - Store Panel - Website Panel\\Admin Panel\\vendor\\laravel\\framework\\src\\Illuminate\\Pipeline\\Pipeline.php(116): Illuminate\\Pipeline\\Pipeline->Illuminate\\Pipeline\\{closure}(Object(Illuminate\\Http\\Request))
#62 D:\\Work\\Contact\\Laravel\\7.9\\eMart_V5.2_Source_Code\\Landing Page - Admin Panel - Store Panel - Website Panel\\Admin Panel\\vendor\\laravel\\framework\\src\\Illuminate\\Foundation\\Http\\Kernel.php(175): Illuminate\\Pipeline\\Pipeline->then(Object(Closure))
#63 D:\\Work\\Contact\\Laravel\\7.9\\eMart_V5.2_Source_Code\\Landing Page - Admin Panel - Store Panel - Website Panel\\Admin Panel\\vendor\\laravel\\framework\\src\\Illuminate\\Foundation\\Http\\Kernel.php(144): Illuminate\\Foundation\\Http\\Kernel->sendRequestThroughRouter(Object(Illuminate\\Http\\Request))
#64 D:\\Work\\Contact\\Laravel\\7.9\\eMart_V5.2_Source_Code\\Landing Page - Admin Panel - Store Panel - Website Panel\\Admin Panel\\public\\index.php(51): Illuminate\\Foundation\\Http\\Kernel->handle(Object(Illuminate\\Http\\Request))
#65 D:\\Work\\Contact\\Laravel\\7.9\\eMart_V5.2_Source_Code\\Landing Page - Admin Panel - Store Panel - Website Panel\\Admin Panel\\server.php(21): require_once('D:\\\\Work\\\\Contact...')
#66 {main}

[previous exception] [object] (PDOException(code: 2002): SQLSTATE[HY000] [2002] No connection could be made because the target machine actively refused it at D:\\Work\\Contact\\Laravel\\7.9\\eMart_V5.2_Source_Code\\Landing Page - Admin Panel - Store Panel - Website Panel\\Admin Panel\\vendor\\laravel\\framework\\src\\Illuminate\\Database\\Connectors\\Connector.php:65)
[stacktrace]
#0 D:\\Work\\Contact\\Laravel\\7.9\\eMart_V5.2_Source_Code\\Landing Page - Admin Panel - Store Panel - Website Panel\\Admin Panel\\vendor\\laravel\\framework\\src\\Illuminate\\Database\\Connectors\\Connector.php(65): PDO->__construct('mysql:host=127....', 'root', Object(SensitiveParameterValue), Array)
#1 D:\\Work\\Contact\\Laravel\\7.9\\eMart_V5.2_Source_Code\\Landing Page - Admin Panel - Store Panel - Website Panel\\Admin Panel\\vendor\\laravel\\framework\\src\\Illuminate\\Database\\Connectors\\Connector.php(83): Illuminate\\Database\\Connectors\\Connector->createPdoConnection('mysql:host=127....', 'root', '', Array)
#2 D:\\Work\\Contact\\Laravel\\7.9\\eMart_V5.2_Source_Code\\Landing Page - Admin Panel - Store Panel - Website Panel\\Admin Panel\\vendor\\laravel\\framework\\src\\Illuminate\\Database\\Connectors\\Connector.php(48): Illuminate\\Database\\Connectors\\Connector->tryAgainIfCausedByLostConnection(Object(PDOException), 'mysql:host=127....', 'root', '', Array)
#3 D:\\Work\\Contact\\Laravel\\7.9\\eMart_V5.2_Source_Code\\Landing Page - Admin Panel - Store Panel - Website Panel\\Admin Panel\\vendor\\laravel\\framework\\src\\Illuminate\\Database\\Connectors\\MySqlConnector.php(24): Illuminate\\Database\\Connectors\\Connector->createConnection('mysql:host=127....', Array, Array)
#4 D:\\Work\\Contact\\Laravel\\7.9\\eMart_V5.2_Source_Code\\Landing Page - Admin Panel - Store Panel - Website Panel\\Admin Panel\\vendor\\laravel\\framework\\src\\Illuminate\\Database\\Connectors\\ConnectionFactory.php(184): Illuminate\\Database\\Connectors\\MySqlConnector->connect(Array)
#5 [internal function]: Illuminate\\Database\\Connectors\\ConnectionFactory->Illuminate\\Database\\Connectors\\{closure}()
#6 D:\\Work\\Contact\\Laravel\\7.9\\eMart_V5.2_Source_Code\\Landing Page - Admin Panel - Store Panel - Website Panel\\Admin Panel\\vendor\\laravel\\framework\\src\\Illuminate\\Database\\Connection.php(1319): call_user_func(Object(Closure))
#7 D:\\Work\\Contact\\Laravel\\7.9\\eMart_V5.2_Source_Code\\Landing Page - Admin Panel - Store Panel - Website Panel\\Admin Panel\\vendor\\laravel\\framework\\src\\Illuminate\\Database\\Connection.php(1355): Illuminate\\Database\\Connection->getPdo()
#8 D:\\Work\\Contact\\Laravel\\7.9\\eMart_V5.2_Source_Code\\Landing Page - Admin Panel - Store Panel - Website Panel\\Admin Panel\\vendor\\laravel\\framework\\src\\Illuminate\\Database\\Connection.php(521): Illuminate\\Database\\Connection->getReadPdo()
#9 D:\\Work\\Contact\\Laravel\\7.9\\eMart_V5.2_Source_Code\\Landing Page - Admin Panel - Store Panel - Website Panel\\Admin Panel\\vendor\\laravel\\framework\\src\\Illuminate\\Database\\Connection.php(416): Illuminate\\Database\\Connection->getPdoForSelect(true)
#10 D:\\Work\\Contact\\Laravel\\7.9\\eMart_V5.2_Source_Code\\Landing Page - Admin Panel - Store Panel - Website Panel\\Admin Panel\\vendor\\laravel\\framework\\src\\Illuminate\\Database\\Connection.php(809): Illuminate\\Database\\Connection->Illuminate\\Database\\{closure}('select * from `...', Array)
#11 D:\\Work\\Contact\\Laravel\\7.9\\eMart_V5.2_Source_Code\\Landing Page - Admin Panel - Store Panel - Website Panel\\Admin Panel\\vendor\\laravel\\framework\\src\\Illuminate\\Database\\Connection.php(976): Illuminate\\Database\\Connection->runQueryCallback('select * from `...', Array, Object(Closure))
#12 D:\\Work\\Contact\\Laravel\\7.9\\eMart_V5.2_Source_Code\\Landing Page - Admin Panel - Store Panel - Website Panel\\Admin Panel\\vendor\\laravel\\framework\\src\\Illuminate\\Database\\Connection.php(955): Illuminate\\Database\\Connection->tryAgainIfCausedByLostConnection(Object(Illuminate\\Database\\QueryException), 'select * from `...', Array, Object(Closure))
#13 D:\\Work\\Contact\\Laravel\\7.9\\eMart_V5.2_Source_Code\\Landing Page - Admin Panel - Store Panel - Website Panel\\Admin Panel\\vendor\\laravel\\framework\\src\\Illuminate\\Database\\Connection.php(778): Illuminate\\Database\\Connection->handleQueryException(Object(Illuminate\\Database\\QueryException), 'select * from `...', Array, Object(Closure))
#14 D:\\Work\\Contact\\Laravel\\7.9\\eMart_V5.2_Source_Code\\Landing Page - Admin Panel - Store Panel - Website Panel\\Admin Panel\\vendor\\laravel\\framework\\src\\Illuminate\\Database\\Connection.php(407): Illuminate\\Database\\Connection->run('select * from `...', Array, Object(Closure))
#15 D:\\Work\\Contact\\Laravel\\7.9\\eMart_V5.2_Source_Code\\Landing Page - Admin Panel - Store Panel - Website Panel\\Admin Panel\\vendor\\laravel\\framework\\src\\Illuminate\\Database\\Query\\Builder.php(2751): Illuminate\\Database\\Connection->select('select * from `...', Array, true)
#16 D:\\Work\\Contact\\Laravel\\7.9\\eMart_V5.2_Source_Code\\Landing Page - Admin Panel - Store Panel - Website Panel\\Admin Panel\\vendor\\laravel\\framework\\src\\Illuminate\\Database\\Query\\Builder.php(2740): Illuminate\\Database\\Query\\Builder->runSelect()
#17 D:\\Work\\Contact\\Laravel\\7.9\\eMart_V5.2_Source_Code\\Landing Page - Admin Panel - Store Panel - Website Panel\\Admin Panel\\vendor\\laravel\\framework\\src\\Illuminate\\Database\\Query\\Builder.php(3294): Illuminate\\Database\\Query\\Builder->Illuminate\\Database\\Query\\{closure}()
#18 D:\\Work\\Contact\\Laravel\\7.9\\eMart_V5.2_Source_Code\\Landing Page - Admin Panel - Store Panel - Website Panel\\Admin Panel\\vendor\\laravel\\framework\\src\\Illuminate\\Database\\Query\\Builder.php(2739): Illuminate\\Database\\Query\\Builder->onceWithColumns(Array, Object(Closure))
#19 D:\\Work\\Contact\\Laravel\\7.9\\eMart_V5.2_Source_Code\\Landing Page - Admin Panel - Store Panel - Website Panel\\Admin Panel\\vendor\\laravel\\framework\\src\\Illuminate\\Database\\Eloquent\\Builder.php(737): Illuminate\\Database\\Query\\Builder->get(Array)
#20 D:\\Work\\Contact\\Laravel\\7.9\\eMart_V5.2_Source_Code\\Landing Page - Admin Panel - Store Panel - Website Panel\\Admin Panel\\vendor\\laravel\\framework\\src\\Illuminate\\Database\\Eloquent\\Builder.php(721): Illuminate\\Database\\Eloquent\\Builder->getModels(Array)
#21 D:\\Work\\Contact\\Laravel\\7.9\\eMart_V5.2_Source_Code\\Landing Page - Admin Panel - Store Panel - Website Panel\\Admin Panel\\vendor\\laravel\\framework\\src\\Illuminate\\Database\\Concerns\\BuildsQueries.php(333): Illuminate\\Database\\Eloquent\\Builder->get(Array)
#22 D:\\Work\\Contact\\Laravel\\7.9\\eMart_V5.2_Source_Code\\Landing Page - Admin Panel - Store Panel - Website Panel\\Admin Panel\\vendor\\laravel\\framework\\src\\Illuminate\\Auth\\EloquentUserProvider.php(139): Illuminate\\Database\\Eloquent\\Builder->first()
#23 D:\\Work\\Contact\\Laravel\\7.9\\eMart_V5.2_Source_Code\\Landing Page - Admin Panel - Store Panel - Website Panel\\Admin Panel\\vendor\\laravel\\framework\\src\\Illuminate\\Auth\\SessionGuard.php(381): Illuminate\\Auth\\EloquentUserProvider->retrieveByCredentials(Array)
#24 D:\\Work\\Contact\\Laravel\\7.9\\eMart_V5.2_Source_Code\\Landing Page - Admin Panel - Store Panel - Website Panel\\Admin Panel\\vendor\\laravel\\ui\\auth-backend\\AuthenticatesUsers.php(86): Illuminate\\Auth\\SessionGuard->attempt(Array, true)
#25 D:\\Work\\Contact\\Laravel\\7.9\\eMart_V5.2_Source_Code\\Landing Page - Admin Panel - Store Panel - Website Panel\\Admin Panel\\vendor\\laravel\\ui\\auth-backend\\AuthenticatesUsers.php(46): App\\Http\\Controllers\\Auth\\LoginController->attemptLogin(Object(Illuminate\\Http\\Request))
#26 D:\\Work\\Contact\\Laravel\\7.9\\eMart_V5.2_Source_Code\\Landing Page - Admin Panel - Store Panel - Website Panel\\Admin Panel\\vendor\\laravel\\framework\\src\\Illuminate\\Routing\\Controller.php(54): App\\Http\\Controllers\\Auth\\LoginController->login(Object(Illuminate\\Http\\Request))
#27 D:\\Work\\Contact\\Laravel\\7.9\\eMart_V5.2_Source_Code\\Landing Page - Admin Panel - Store Panel - Website Panel\\Admin Panel\\vendor\\laravel\\framework\\src\\Illuminate\\Routing\\ControllerDispatcher.php(43): Illuminate\\Routing\\Controller->callAction('login', Array)
#28 D:\\Work\\Contact\\Laravel\\7.9\\eMart_V5.2_Source_Code\\Landing Page - Admin Panel - Store Panel - Website Panel\\Admin Panel\\vendor\\laravel\\framework\\src\\Illuminate\\Routing\\Route.php(259): Illuminate\\Routing\\ControllerDispatcher->dispatch(Object(Illuminate\\Routing\\Route), Object(App\\Http\\Controllers\\Auth\\LoginController), 'login')
#29 D:\\Work\\Contact\\Laravel\\7.9\\eMart_V5.2_Source_Code\\Landing Page - Admin Panel - Store Panel - Website Panel\\Admin Panel\\vendor\\laravel\\framework\\src\\Illuminate\\Routing\\Route.php(205): Illuminate\\Routing\\Route->runController()
#30 D:\\Work\\Contact\\Laravel\\7.9\\eMart_V5.2_Source_Code\\Landing Page - Admin Panel - Store Panel - Website Panel\\Admin Panel\\vendor\\laravel\\framework\\src\\Illuminate\\Routing\\Router.php(806): Illuminate\\Routing\\Route->run()
#31 D:\\Work\\Contact\\Laravel\\7.9\\eMart_V5.2_Source_Code\\Landing Page - Admin Panel - Store Panel - Website Panel\\Admin Panel\\vendor\\laravel\\framework\\src\\Illuminate\\Pipeline\\Pipeline.php(141): Illuminate\\Routing\\Router->Illuminate\\Routing\\{closure}(Object(Illuminate\\Http\\Request))
#32 D:\\Work\\Contact\\Laravel\\7.9\\eMart_V5.2_Source_Code\\Landing Page - Admin Panel - Store Panel - Website Panel\\Admin Panel\\app\\Http\\Middleware\\RedirectIfAuthenticated.php(30): Illuminate\\Pipeline\\Pipeline->Illuminate\\Pipeline\\{closure}(Object(Illuminate\\Http\\Request))
#33 D:\\Work\\Contact\\Laravel\\7.9\\eMart_V5.2_Source_Code\\Landing Page - Admin Panel - Store Panel - Website Panel\\Admin Panel\\vendor\\laravel\\framework\\src\\Illuminate\\Pipeline\\Pipeline.php(180): App\\Http\\Middleware\\RedirectIfAuthenticated->handle(Object(Illuminate\\Http\\Request), Object(Closure))
#34 D:\\Work\\Contact\\Laravel\\7.9\\eMart_V5.2_Source_Code\\Landing Page - Admin Panel - Store Panel - Website Panel\\Admin Panel\\app\\Http\\Middleware\\CheckUserRoleMiddleware.php(34): Illuminate\\Pipeline\\Pipeline->Illuminate\\Pipeline\\{closure}(Object(Illuminate\\Http\\Request))
#35 D:\\Work\\Contact\\Laravel\\7.9\\eMart_V5.2_Source_Code\\Landing Page - Admin Panel - Store Panel - Website Panel\\Admin Panel\\vendor\\laravel\\framework\\src\\Illuminate\\Pipeline\\Pipeline.php(180): App\\Http\\Middleware\\CheckUserRoleMiddleware->handle(Object(Illuminate\\Http\\Request), Object(Closure))
#36 D:\\Work\\Contact\\Laravel\\7.9\\eMart_V5.2_Source_Code\\Landing Page - Admin Panel - Store Panel - Website Panel\\Admin Panel\\app\\Http\\Middleware\\LanguageManager.php(23): Illuminate\\Pipeline\\Pipeline->Illuminate\\Pipeline\\{closure}(Object(Illuminate\\Http\\Request))
#37 D:\\Work\\Contact\\Laravel\\7.9\\eMart_V5.2_Source_Code\\Landing Page - Admin Panel - Store Panel - Website Panel\\Admin Panel\\vendor\\laravel\\framework\\src\\Illuminate\\Pipeline\\Pipeline.php(180): App\\Http\\Middleware\\LanguageManager->handle(Object(Illuminate\\Http\\Request), Object(Closure))
#38 D:\\Work\\Contact\\Laravel\\7.9\\eMart_V5.2_Source_Code\\Landing Page - Admin Panel - Store Panel - Website Panel\\Admin Panel\\vendor\\laravel\\framework\\src\\Illuminate\\Routing\\Middleware\\SubstituteBindings.php(50): Illuminate\\Pipeline\\Pipeline->Illuminate\\Pipeline\\{closure}(Object(Illuminate\\Http\\Request))
#39 D:\\Work\\Contact\\Laravel\\7.9\\eMart_V5.2_Source_Code\\Landing Page - Admin Panel - Store Panel - Website Panel\\Admin Panel\\vendor\\laravel\\framework\\src\\Illuminate\\Pipeline\\Pipeline.php(180): Illuminate\\Routing\\Middleware\\SubstituteBindings->handle(Object(Illuminate\\Http\\Request), Object(Closure))
#40 D:\\Work\\Contact\\Laravel\\7.9\\eMart_V5.2_Source_Code\\Landing Page - Admin Panel - Store Panel - Website Panel\\Admin Panel\\vendor\\laravel\\framework\\src\\Illuminate\\Foundation\\Http\\Middleware\\VerifyCsrfToken.php(78): Illuminate\\Pipeline\\Pipeline->Illuminate\\Pipeline\\{closure}(Object(Illuminate\\Http\\Request))
#41 D:\\Work\\Contact\\Laravel\\7.9\\eMart_V5.2_Source_Code\\Landing Page - Admin Panel - Store Panel - Website Panel\\Admin Panel\\vendor\\laravel\\framework\\src\\Illuminate\\Pipeline\\Pipeline.php(180): Illuminate\\Foundation\\Http\\Middleware\\VerifyCsrfToken->handle(Object(Illuminate\\Http\\Request), Object(Closure))
#42 D:\\Work\\Contact\\Laravel\\7.9\\eMart_V5.2_Source_Code\\Landing Page - Admin Panel - Store Panel - Website Panel\\Admin Panel\\vendor\\laravel\\framework\\src\\Illuminate\\View\\Middleware\\ShareErrorsFromSession.php(49): Illuminate\\Pipeline\\Pipeline->Illuminate\\Pipeline\\{closure}(Object(Illuminate\\Http\\Request))
#43 D:\\Work\\Contact\\Laravel\\7.9\\eMart_V5.2_Source_Code\\Landing Page - Admin Panel - Store Panel - Website Panel\\Admin Panel\\vendor\\laravel\\framework\\src\\Illuminate\\Pipeline\\Pipeline.php(180): Illuminate\\View\\Middleware\\ShareErrorsFromSession->handle(Object(Illuminate\\Http\\Request), Object(Closure))
#44 D:\\Work\\Contact\\Laravel\\7.9\\eMart_V5.2_Source_Code\\Landing Page - Admin Panel - Store Panel - Website Panel\\Admin Panel\\vendor\\laravel\\framework\\src\\Illuminate\\Session\\Middleware\\StartSession.php(121): Illuminate\\Pipeline\\Pipeline->Illuminate\\Pipeline\\{closure}(Object(Illuminate\\Http\\Request))
#45 D:\\Work\\Contact\\Laravel\\7.9\\eMart_V5.2_Source_Code\\Landing Page - Admin Panel - Store Panel - Website Panel\\Admin Panel\\vendor\\laravel\\framework\\src\\Illuminate\\Session\\Middleware\\StartSession.php(64): Illuminate\\Session\\Middleware\\StartSession->handleStatefulRequest(Object(Illuminate\\Http\\Request), Object(Illuminate\\Session\\Store), Object(Closure))
#46 D:\\Work\\Contact\\Laravel\\7.9\\eMart_V5.2_Source_Code\\Landing Page - Admin Panel - Store Panel - Website Panel\\Admin Panel\\vendor\\laravel\\framework\\src\\Illuminate\\Pipeline\\Pipeline.php(180): Illuminate\\Session\\Middleware\\StartSession->handle(Object(Illuminate\\Http\\Request), Object(Closure))
#47 D:\\Work\\Contact\\Laravel\\7.9\\eMart_V5.2_Source_Code\\Landing Page - Admin Panel - Store Panel - Website Panel\\Admin Panel\\vendor\\laravel\\framework\\src\\Illuminate\\Cookie\\Middleware\\AddQueuedCookiesToResponse.php(37): Illuminate\\Pipeline\\Pipeline->Illuminate\\Pipeline\\{closure}(Object(Illuminate\\Http\\Request))
#48 D:\\Work\\Contact\\Laravel\\7.9\\eMart_V5.2_Source_Code\\Landing Page - Admin Panel - Store Panel - Website Panel\\Admin Panel\\vendor\\laravel\\framework\\src\\Illuminate\\Pipeline\\Pipeline.php(180): Illuminate\\Cookie\\Middleware\\AddQueuedCookiesToResponse->handle(Object(Illuminate\\Http\\Request), Object(Closure))
#49 D:\\Work\\Contact\\Laravel\\7.9\\eMart_V5.2_Source_Code\\Landing Page - Admin Panel - Store Panel - Website Panel\\Admin Panel\\vendor\\laravel\\framework\\src\\Illuminate\\Cookie\\Middleware\\EncryptCookies.php(67): Illuminate\\Pipeline\\Pipeline->Illuminate\\Pipeline\\{closure}(Object(Illuminate\\Http\\Request))
#50 D:\\Work\\Contact\\Laravel\\7.9\\eMart_V5.2_Source_Code\\Landing Page - Admin Panel - Store Panel - Website Panel\\Admin Panel\\vendor\\laravel\\framework\\src\\Illuminate\\Pipeline\\Pipeline.php(180): Illuminate\\Cookie\\Middleware\\EncryptCookies->handle(Object(Illuminate\\Http\\Request), Object(Closure))
#51 D:\\Work\\Contact\\Laravel\\7.9\\eMart_V5.2_Source_Code\\Landing Page - Admin Panel - Store Panel - Website Panel\\Admin Panel\\vendor\\laravel\\framework\\src\\Illuminate\\Pipeline\\Pipeline.php(116): Illuminate\\Pipeline\\Pipeline->Illuminate\\Pipeline\\{closure}(Object(Illuminate\\Http\\Request))
#52 D:\\Work\\Contact\\Laravel\\7.9\\eMart_V5.2_Source_Code\\Landing Page - Admin Panel - Store Panel - Website Panel\\Admin Panel\\vendor\\laravel\\framework\\src\\Illuminate\\Routing\\Router.php(805): Illuminate\\Pipeline\\Pipeline->then(Object(Closure))
#53 D:\\Work\\Contact\\Laravel\\7.9\\eMart_V5.2_Source_Code\\Landing Page - Admin Panel - Store Panel - Website Panel\\Admin Panel\\vendor\\laravel\\framework\\src\\Illuminate\\Routing\\Router.php(784): Illuminate\\Routing\\Router->runRouteWithinStack(Object(Illuminate\\Routing\\Route), Object(Illuminate\\Http\\Request))
#54 D:\\Work\\Contact\\Laravel\\7.9\\eMart_V5.2_Source_Code\\Landing Page - Admin Panel - Store Panel - Website Panel\\Admin Panel\\vendor\\laravel\\framework\\src\\Illuminate\\Routing\\Router.php(748): Illuminate\\Routing\\Router->runRoute(Object(Illuminate\\Http\\Request), Object(Illuminate\\Routing\\Route))
#55 D:\\Work\\Contact\\Laravel\\7.9\\eMart_V5.2_Source_Code\\Landing Page - Admin Panel - Store Panel - Website Panel\\Admin Panel\\vendor\\laravel\\framework\\src\\Illuminate\\Routing\\Router.php(737): Illuminate\\Routing\\Router->dispatchToRoute(Object(Illuminate\\Http\\Request))
#56 D:\\Work\\Contact\\Laravel\\7.9\\eMart_V5.2_Source_Code\\Landing Page - Admin Panel - Store Panel - Website Panel\\Admin Panel\\vendor\\laravel\\framework\\src\\Illuminate\\Foundation\\Http\\Kernel.php(200): Illuminate\\Routing\\Router->dispatch(Object(Illuminate\\Http\\Request))
#57 D:\\Work\\Contact\\Laravel\\7.9\\eMart_V5.2_Source_Code\\Landing Page - Admin Panel - Store Panel - Website Panel\\Admin Panel\\vendor\\laravel\\framework\\src\\Illuminate\\Pipeline\\Pipeline.php(141): Illuminate\\Foundation\\Http\\Kernel->Illuminate\\Foundation\\Http\\{closure}(Object(Illuminate\\Http\\Request))
#58 D:\\Work\\Contact\\Laravel\\7.9\\eMart_V5.2_Source_Code\\Landing Page - Admin Panel - Store Panel - Website Panel\\Admin Panel\\vendor\\laravel\\framework\\src\\Illuminate\\Foundation\\Http\\Middleware\\TransformsRequest.php(21): Illuminate\\Pipeline\\Pipeline->Illuminate\\Pipeline\\{closure}(Object(Illuminate\\Http\\Request))
#59 D:\\Work\\Contact\\Laravel\\7.9\\eMart_V5.2_Source_Code\\Landing Page - Admin Panel - Store Panel - Website Panel\\Admin Panel\\vendor\\laravel\\framework\\src\\Illuminate\\Foundation\\Http\\Middleware\\ConvertEmptyStringsToNull.php(31): Illuminate\\Foundation\\Http\\Middleware\\TransformsRequest->handle(Object(Illuminate\\Http\\Request), Object(Closure))
#60 D:\\Work\\Contact\\Laravel\\7.9\\eMart_V5.2_Source_Code\\Landing Page - Admin Panel - Store Panel - Website Panel\\Admin Panel\\vendor\\laravel\\framework\\src\\Illuminate\\Pipeline\\Pipeline.php(180): Illuminate\\Foundation\\Http\\Middleware\\ConvertEmptyStringsToNull->handle(Object(Illuminate\\Http\\Request), Object(Closure))
#61 D:\\Work\\Contact\\Laravel\\7.9\\eMart_V5.2_Source_Code\\Landing Page - Admin Panel - Store Panel - Website Panel\\Admin Panel\\vendor\\laravel\\framework\\src\\Illuminate\\Foundation\\Http\\Middleware\\TransformsRequest.php(21): Illuminate\\Pipeline\\Pipeline->Illuminate\\Pipeline\\{closure}(Object(Illuminate\\Http\\Request))
#62 D:\\Work\\Contact\\Laravel\\7.9\\eMart_V5.2_Source_Code\\Landing Page - Admin Panel - Store Panel - Website Panel\\Admin Panel\\vendor\\laravel\\framework\\src\\Illuminate\\Foundation\\Http\\Middleware\\TrimStrings.php(40): Illuminate\\Foundation\\Http\\Middleware\\TransformsRequest->handle(Object(Illuminate\\Http\\Request), Object(Closure))
#63 D:\\Work\\Contact\\Laravel\\7.9\\eMart_V5.2_Source_Code\\Landing Page - Admin Panel - Store Panel - Website Panel\\Admin Panel\\vendor\\laravel\\framework\\src\\Illuminate\\Pipeline\\Pipeline.php(180): Illuminate\\Foundation\\Http\\Middleware\\TrimStrings->handle(Object(Illuminate\\Http\\Request), Object(Closure))
#64 D:\\Work\\Contact\\Laravel\\7.9\\eMart_V5.2_Source_Code\\Landing Page - Admin Panel - Store Panel - Website Panel\\Admin Panel\\vendor\\laravel\\framework\\src\\Illuminate\\Foundation\\Http\\Middleware\\ValidatePostSize.php(27): Illuminate\\Pipeline\\Pipeline->Illuminate\\Pipeline\\{closure}(Object(Illuminate\\Http\\Request))
#65 D:\\Work\\Contact\\Laravel\\7.9\\eMart_V5.2_Source_Code\\Landing Page - Admin Panel - Store Panel - Website Panel\\Admin Panel\\vendor\\laravel\\framework\\src\\Illuminate\\Pipeline\\Pipeline.php(180): Illuminate\\Foundation\\Http\\Middleware\\ValidatePostSize->handle(Object(Illuminate\\Http\\Request), Object(Closure))
#66 D:\\Work\\Contact\\Laravel\\7.9\\eMart_V5.2_Source_Code\\Landing Page - Admin Panel - Store Panel - Website Panel\\Admin Panel\\vendor\\laravel\\framework\\src\\Illuminate\\Foundation\\Http\\Middleware\\PreventRequestsDuringMaintenance.php(99): Illuminate\\Pipeline\\Pipeline->Illuminate\\Pipeline\\{closure}(Object(Illuminate\\Http\\Request))
#67 D:\\Work\\Contact\\Laravel\\7.9\\eMart_V5.2_Source_Code\\Landing Page - Admin Panel - Store Panel - Website Panel\\Admin Panel\\vendor\\laravel\\framework\\src\\Illuminate\\Pipeline\\Pipeline.php(180): Illuminate\\Foundation\\Http\\Middleware\\PreventRequestsDuringMaintenance->handle(Object(Illuminate\\Http\\Request), Object(Closure))
#68 D:\\Work\\Contact\\Laravel\\7.9\\eMart_V5.2_Source_Code\\Landing Page - Admin Panel - Store Panel - Website Panel\\Admin Panel\\vendor\\laravel\\framework\\src\\Illuminate\\Http\\Middleware\\HandleCors.php(49): Illuminate\\Pipeline\\Pipeline->Illuminate\\Pipeline\\{closure}(Object(Illuminate\\Http\\Request))
#69 D:\\Work\\Contact\\Laravel\\7.9\\eMart_V5.2_Source_Code\\Landing Page - Admin Panel - Store Panel - Website Panel\\Admin Panel\\vendor\\laravel\\framework\\src\\Illuminate\\Pipeline\\Pipeline.php(180): Illuminate\\Http\\Middleware\\HandleCors->handle(Object(Illuminate\\Http\\Request), Object(Closure))
#70 D:\\Work\\Contact\\Laravel\\7.9\\eMart_V5.2_Source_Code\\Landing Page - Admin Panel - Store Panel - Website Panel\\Admin Panel\\vendor\\laravel\\framework\\src\\Illuminate\\Http\\Middleware\\TrustProxies.php(39): Illuminate\\Pipeline\\Pipeline->Illuminate\\Pipeline\\{closure}(Object(Illuminate\\Http\\Request))
#71 D:\\Work\\Contact\\Laravel\\7.9\\eMart_V5.2_Source_Code\\Landing Page - Admin Panel - Store Panel - Website Panel\\Admin Panel\\vendor\\laravel\\framework\\src\\Illuminate\\Pipeline\\Pipeline.php(180): Illuminate\\Http\\Middleware\\TrustProxies->handle(Object(Illuminate\\Http\\Request), Object(Closure))
#72 D:\\Work\\Contact\\Laravel\\7.9\\eMart_V5.2_Source_Code\\Landing Page - Admin Panel - Store Panel - Website Panel\\Admin Panel\\vendor\\laravel\\framework\\src\\Illuminate\\Pipeline\\Pipeline.php(116): Illuminate\\Pipeline\\Pipeline->Illuminate\\Pipeline\\{closure}(Object(Illuminate\\Http\\Request))
#73 D:\\Work\\Contact\\Laravel\\7.9\\eMart_V5.2_Source_Code\\Landing Page - Admin Panel - Store Panel - Website Panel\\Admin Panel\\vendor\\laravel\\framework\\src\\Illuminate\\Foundation\\Http\\Kernel.php(175): Illuminate\\Pipeline\\Pipeline->then(Object(Closure))
#74 D:\\Work\\Contact\\Laravel\\7.9\\eMart_V5.2_Source_Code\\Landing Page - Admin Panel - Store Panel - Website Panel\\Admin Panel\\vendor\\laravel\\framework\\src\\Illuminate\\Foundation\\Http\\Kernel.php(144): Illuminate\\Foundation\\Http\\Kernel->sendRequestThroughRouter(Object(Illuminate\\Http\\Request))
#75 D:\\Work\\Contact\\Laravel\\7.9\\eMart_V5.2_Source_Code\\Landing Page - Admin Panel - Store Panel - Website Panel\\Admin Panel\\public\\index.php(51): Illuminate\\Foundation\\Http\\Kernel->handle(Object(Illuminate\\Http\\Request))
#76 D:\\Work\\Contact\\Laravel\\7.9\\eMart_V5.2_Source_Code\\Landing Page - Admin Panel - Store Panel - Website Panel\\Admin Panel\\server.php(21): require_once('D:\\\\Work\\\\Contact...')
#77 {main}
"} 
